#
# A fatal error has been detected by the Java Runtime Environment:
#
#  SIGFPE (0x8) at pc=0x87afda78, pid=4628, tid=2271664960
#
# JRE version: OpenJDK Runtime Environment (7.0_79-b14) (build 1.7.0_79-b14)
# Java VM: OpenJDK Server VM (24.79-b02 mixed mode linux-x86 )
# Derivative: IcedTea 2.5.6
# Distribution: Ubuntu 14.04 LTS, package 7u79-2.5.6-0ubuntu1.14.04.1
# Problematic frame:
# C  [mtype974.cooja+0x10a78]  process_thread_udp_client_process+0x33a
#
# Failed to write core dump. Core dumps have been disabled. To enable core dumping, try "ulimit -c unlimited" before starting Java again
#
# If you would like to submit a bug report, please include
# instructions on how to reproduce the bug and visit:
#   http://icedtea.classpath.org/bugzilla
# The crash happened outside the Java Virtual Machine in native code.
# See problematic frame for where to report the bug.
#

---------------  T H R E A D  ---------------

Current thread (0x8754f400):  JavaThread "Thread-6" [_thread_in_native, id=5597, stack(0x8761d000,0x8766e000)]

siginfo:si_signo=SIGFPE: si_errno=0, si_code=1 (FPE_INTDIV), si_addr=0x87afda78

Registers:
EAX=0x0000ff2f, EBX=0x87b1d034, ECX=0x00000000, EDX=0x00000000
ESP=0x87b1f2bc, EBP=0x87b1f314, ESI=0x00000000, EDI=0x00000000
EIP=0x87afda78, EFLAGS=0x00010206, CR2=0xb77ade80

Top of Stack: (sp=0x87b1f2bc)
0x87b1f2bc:   87b1d328 00000009 00000000 000569b9
0x87b1f2cc:   87b22620 87b1d088 87b1f304 87b004c9
0x87b1f2dc:   87b257b8 00000088 87b1d328 027f0088
0x87b1f2ec:   00000000 00000000 01b257b8 00000088
0x87b1f2fc:   0000000a 000003dc 87b1f334 87b00b27
0x87b1f30c:   87b1d11c 87b1d034 87b1f344 87b00b27
0x87b1f31c:   87b1d034 00000088 87b1d328 00000088
0x87b1f32c:   0a000a00 00000000 87b1f364 87b00bfa 

Instructions: (pc=0x87afda78)
0x87afda58:   c0 0f 84 a6 00 00 00 e8 2b 1e 00 00 0f b7 c0 8b
0x87afda68:   15 24 d3 b1 87 69 ca e8 03 00 00 ba 00 00 00 00
0x87afda78:   f7 f1 89 d0 c7 44 24 0c 00 00 00 00 c7 44 24 08
0x87afda88:   f1 d1 af 87 89 44 24 04 c7 04 24 40 d3 b1 87 e8 

Register to memory mapping:

EAX=0x0000ff2f is an unknown value
EBX=0x87b1d034: udp_client_process+0xc in /media/user/Harddisk/Double-MAC/lanada/obj_cooja/mtype974.cooja at 0x87aed000
ECX=0x00000000 is an unknown value
EDX=0x00000000 is an unknown value
ESP=0x87b1f2bc: <offset 0x322bc> in /media/user/Harddisk/Double-MAC/lanada/obj_cooja/mtype974.cooja at 0x87aed000
EBP=0x87b1f314: <offset 0x32314> in /media/user/Harddisk/Double-MAC/lanada/obj_cooja/mtype974.cooja at 0x87aed000
ESI=0x00000000 is an unknown value
EDI=0x00000000 is an unknown value


Stack: [0x8761d000,0x8766e000],  sp=0x87b1f2bc,  free space=5128k
Native frames: (J=compiled Java code, j=interpreted, Vv=VM code, C=native code)
C  [mtype974.cooja+0x10a78]  process_thread_udp_client_process+0x33a
C  [mtype974.cooja+0x13b27]  call_process+0x57
C  [mtype974.cooja+0x13d4b]  do_event+0x141
C  [mtype974.cooja+0x13d68]  process_run+0x1b
C  [mtype974.cooja+0x11263]  process_run_thread_loop+0x2b

Java frames: (J=compiled Java code, j=interpreted, Vv=VM code)
J 632  org.contikios.cooja.corecomm.Lib2.tick()V (0 bytes) @ 0xb3548e60 [0xb3548e20+0x40]
