#
# A fatal error has been detected by the Java Runtime Environment:
#
#  SIGSEGV (0xb) at pc=0xb7570687, pid=18036, tid=2267020096
#
# JRE version: OpenJDK Runtime Environment (7.0_79-b14) (build 1.7.0_79-b14)
# Java VM: OpenJDK Server VM (24.79-b02 mixed mode linux-x86 )
# Derivative: IcedTea 2.5.6
# Distribution: Ubuntu 14.04 LTS, package 7u79-2.5.6-0ubuntu1.14.04.1
# Problematic frame:
# C  [libc.so.6+0x64687]  fwrite+0x27
#
# Failed to write core dump. Core dumps have been disabled. To enable core dumping, try "ulimit -c unlimited" before starting Java again
#
# If you would like to submit a bug report, please include
# instructions on how to reproduce the bug and visit:
#   http://icedtea.classpath.org/bugzilla
# The crash happened outside the Java Virtual Machine in native code.
# See problematic frame for where to report the bug.
#

---------------  T H R E A D  ---------------

Current thread (0x88cd1000):  JavaThread "Thread-11" [_thread_in_native, id=19119, stack(0x871af000,0x87200000)]

siginfo:si_signo=SIGSEGV: si_errno=0, si_code=1 (SEGV_MAPERR), si_addr=0x00000000

Registers:
EAX=0x00000000, EBX=0xb76b6000, ECX=0x00000000, EDX=0x0000000a
ESP=0x86d7a2ac, EBP=0x86d7a374, ESI=0x00000000, EDI=0x00000019
EIP=0xb7570687, EFLAGS=0x00010202, CR2=0x00000000

Top of Stack: (sp=0x86d7a2ac)
0x86d7a2ac:   0000000a 00000400 86d6fd39 86d7a2e0
0x86d7a2bc:   86d78288 86d7a2e0 00000019 00000000
0x86d7a2cc:   00000002 00000000 86d7a374 86d58b5d
0x86d7a2dc:   86d6fd39 00000001 00000019 00000000
0x86d7a2ec:   00000002 00000000 00000002 00000000
0x86d7a2fc:   00000002 000003dc 00000002 00000000
0x86d7a30c:   000003df 000003e0 000003e1 000003e2
0x86d7a31c:   000003e3 000003e4 000003e5 000003e6 

Instructions: (pc=0xb7570687)
0xb7570667:   8b 7c 24 34 0f af 7c 24 38 e8 d6 22 0c 00 81 c3
0xb7570677:   8b 59 14 00 8b 74 24 3c 85 ff 0f 84 b1 00 00 00
0xb7570687:   8b 06 25 00 80 00 00 75 35 8b 56 48 65 8b 2d 08
0xb7570697:   00 00 00 3b 6a 08 74 22 b9 01 00 00 00 65 83 3d 

Register to memory mapping:

EAX=0x00000000 is an unknown value
EBX=0xb76b6000: <offset 0x1aa000> in /lib/i386-linux-gnu/libc.so.6 at 0xb750c000
ECX=0x00000000 is an unknown value
EDX=0x0000000a is an unknown value
ESP=0x86d7a2ac: <offset 0x332ac> in /home/user/Desktop/Double-MAC/lanada/obj_cooja/mtype792.cooja at 0x86d47000
EBP=0x86d7a374: <offset 0x33374> in /home/user/Desktop/Double-MAC/lanada/obj_cooja/mtype792.cooja at 0x86d47000
ESI=0x00000000 is an unknown value
EDI=0x00000019 is an unknown value


Stack: [0x871af000,0x87200000],  sp=0x86d7a2ac,  free space=4189996k
Native frames: (J=compiled Java code, j=interpreted, Vv=VM code, C=native code)
C  [libc.so.6+0x64687]  fwrite+0x27
C  [mtype792.cooja+0x11fdf]  process_run_thread_loop+0x1a

Java frames: (J=compiled Java code, j=interpreted, Vv=VM code)
j  org.contikios.cooja.corecomm.Lib2.tick()V+0
j  org.contikios.cooja.contikimote.ContikiMoteType.tick()V+4
j  org.contikios.cooja.contikimote.ContikiMote.execute(J)V+63
j  org.contikios.cooja.motes.AbstractWakeupMote$1.execute(J)V+5
j  org.contikios.cooja.Simulation.run()V+184
j  java.lang.Thread.run()V+11
v  ~StubRoutines::call_stub

---------------  P R O C E S S  ---------------

Java Threads: ( => current thread )
=>0x88cd1000 JavaThread "Thread-11" [_thread_in_native, id=19119, stack(0x871af000,0x87200000)]
  0x870f8c00 JavaThread "Thread-9" [_thread_blocked, id=19107, stack(0x86dd3000,0x86e24000)]
  0x870de400 JavaThread "Thread-7" [_thread_blocked, id=19059, stack(0x86eaf000,0x86f00000)]
  0x88ccf800 JavaThread "Thread-6" [_thread_blocked, id=18999, stack(0x8715e000,0x871af000)]
  0x87283c00 JavaThread "Thread-4" [_thread_blocked, id=18988, stack(0x87327000,0x87378000)]
  0x88ccc400 JavaThread "Thread-3" [_thread_blocked, id=18950, stack(0x8741a000,0x8746b000)]
  0x87d70400 JavaThread "Thread-1" [_thread_blocked, id=18939, stack(0x873c9000,0x8741a000)]
  0x87d6cc00 JavaThread "process reaper" daemon [_thread_blocked, id=18060, stack(0x87c21000,0x87c3c000)]
  0x87f42800 JavaThread "TimerQueue" daemon [_thread_blocked, id=18056, stack(0x87e5e000,0x87eaf000)]
  0xb6307800 JavaThread "DestroyJavaVM" [_thread_blocked, id=18038, stack(0xb64c2000,0xb6513000)]
  0x88cfc400 JavaThread "AWT-EventQueue-0" [_thread_blocked, id=18055, stack(0x87eaf000,0x87f00000)]
  0x88ced000 JavaThread "AWT-Shutdown" [_thread_blocked, id=18054, stack(0x88005000,0x88056000)]
  0x88ca6000 JavaThread "AWT-XAWT" daemon [_thread_in_native, id=18053, stack(0x880fb000,0x8814c000)]
  0x88c96000 JavaThread "Java2D Disposer" daemon [_thread_blocked, id=18052, stack(0x8815d000,0x881ae000)]
  0x8922c400 JavaThread "Service Thread" daemon [_thread_blocked, id=18050, stack(0x88e0b000,0x88e5c000)]
  0x8922a800 JavaThread "C2 CompilerThread1" daemon [_thread_blocked, id=18049, stack(0x88e5c000,0x88edd000)]
  0x89228800 JavaThread "C2 CompilerThread0" daemon [_thread_blocked, id=18048, stack(0x88edd000,0x88f5e000)]
  0x89226c00 JavaThread "Signal Dispatcher" daemon [_thread_blocked, id=18047, stack(0x88f5e000,0x88faf000)]
  0x89214000 JavaThread "Finalizer" daemon [_thread_blocked, id=18046, stack(0x891af000,0x89200000)]
  0x89212800 JavaThread "Reference Handler" daemon [_thread_blocked, id=18045, stack(0x8ad0b000,0x8ad5c000)]

Other Threads:
  0x89210400 VMThread [stack: 0x8934e000,0x893cf000] [id=18044]
  0x8922e400 WatcherThread [stack: 0x88d8a000,0x88e0b000] [id=18051]

VM state:not at safepoint (normal execution)

VM Mutex/Monitor currently owned by a thread: None

Heap
 PSYoungGen      total 64512K, used 52819K [0xa8780000, 0xad380000, 0xb3240000)
  eden space 64000K, 82% used [0xa8780000,0xabb10e60,0xac600000)
  from space 512K, 3% used [0xac600000,0xac604000,0xac680000)
  to   space 512K, 0% used [0xad300000,0xad300000,0xad380000)
 ParOldGen       total 43008K, used 5412K [0x93240000, 0x95c40000, 0xa8780000)
  object space 43008K, 12% used [0x93240000,0x937892e0,0x95c40000)
 PSPermGen       total 31232K, used 16055K [0x8b240000, 0x8d0c0000, 0x93240000)
  object space 31232K, 51% used [0x8b240000,0x8c1edff8,0x8d0c0000)

Card table byte_map: [0x8b0ff000,0x8b240000] byte_map_base: 0x8aca5e00

Polling page: 0xb76c0000

Code Cache  [0xb3300000, 0xb3540000, 0xb6300000)
 total_blobs=878 nmethods=604 adapters=227 free_code_cache=47676Kb largest_free_block=48764544

Compilation events (10 events):
Event: 52.570 Thread 0x8922a800  672             javax.swing.text.html.StyleSheet$ViewAttributeSet::getAttribute (61 bytes)
Event: 52.570 Thread 0x89228800  673   !         javax.swing.text.GlyphView::checkPainter (115 bytes)
Event: 52.573 Thread 0x89228800 nmethod 673 0xb345f908 code [0xb345fa40, 0xb345fc9c]
Event: 52.573 Thread 0x89228800  674             javax.swing.text.GlyphPainter1::sync (55 bytes)
Event: 52.575 Thread 0x8922a800 nmethod 672 0xb3452208 code [0xb34523a0, 0xb34528b8]
Event: 52.575 Thread 0x8922a800  675             javax.swing.text.LabelView::getFont (9 bytes)
Event: 52.575 Thread 0x8922a800 nmethod 675 0xb3436c88 code [0xb3436da0, 0xb3436e44]
Event: 52.607 Thread 0x8922a800  676             sun.java2d.SunGraphics2D::setFont (105 bytes)
Event: 52.608 Thread 0x8922a800 nmethod 676 0xb3446348 code [0xb3446440, 0xb344657c]
Event: 52.612 Thread 0x89228800 nmethod 674 0xb34785c8 code [0xb3478ae0, 0xb347ab04]

GC Heap History (10 events):
Event: 46.839 GC heap before
{Heap before GC invocations=74 (full 3):
 PSYoungGen      total 44544K, used 44453K [0xa8780000, 0xab340000, 0xb3240000)
  eden space 44288K, 100% used [0xa8780000,0xab2c0000,0xab2c0000)
  from space 256K, 64% used [0xab300000,0xab3295b8,0xab340000)
  to   space 256K, 0% used [0xab2c0000,0xab2c0000,0xab300000)
 ParOldGen       total 43008K, used 4810K [0x93240000, 0x95c40000, 0xa8780000)
  object space 43008K, 11% used [0x93240000,0x936f2928,0x95c40000)
 PSPermGen       total 31232K, used 14884K [0x8b240000, 0x8d0c0000, 0x93240000)
  object space 31232K, 47% used [0x8b240000,0x8c0c9160,0x8d0c0000)
Event: 46.840 GC heap after
Heap after GC invocations=74 (full 3):
 PSYoungGen      total 44544K, used 256K [0xa8780000, 0xabc80000, 0xb3240000)
  eden space 44288K, 0% used [0xa8780000,0xa8780000,0xab2c0000)
  from space 256K, 100% used [0xab2c0000,0xab300000,0xab300000)
  to   space 512K, 0% used [0xabc00000,0xabc00000,0xabc80000)
 ParOldGen       total 43008K, used 5083K [0x93240000, 0x95c40000, 0xa8780000)
  object space 43008K, 11% used [0x93240000,0x93736d00,0x95c40000)
 PSPermGen       total 31232K, used 14884K [0x8b240000, 0x8d0c0000, 0x93240000)
  object space 31232K, 47% used [0x8b240000,0x8c0c9160,0x8d0c0000)
}
Event: 46.885 GC heap before
{Heap before GC invocations=75 (full 3):
 PSYoungGen      total 44544K, used 44544K [0xa8780000, 0xabc80000, 0xb3240000)
  eden space 44288K, 100% used [0xa8780000,0xab2c0000,0xab2c0000)
  from space 256K, 100% used [0xab2c0000,0xab300000,0xab300000)
  to   space 512K, 0% used [0xabc00000,0xabc00000,0xabc80000)
 ParOldGen       total 43008K, used 5083K [0x93240000, 0x95c40000, 0xa8780000)
  object space 43008K, 11% used [0x93240000,0x93736d00,0x95c40000)
 PSPermGen       total 31232K, used 14884K [0x8b240000, 0x8d0c0000, 0x93240000)
  object space 31232K, 47% used [0x8b240000,0x8c0c92f0,0x8d0c0000)
Event: 46.886 GC heap after
Heap after GC invocations=75 (full 3):
 PSYoungGen      total 53760K, used 16K [0xa8780000, 0xabc80000, 0xb3240000)
  eden space 53248K, 0% used [0xa8780000,0xa8780000,0xabb80000)
  from space 512K, 3% used [0xabc00000,0xabc04000,0xabc80000)
  to   space 512K, 0% used [0xabb80000,0xabb80000,0xabc00000)
 ParOldGen       total 43008K, used 5340K [0x93240000, 0x95c40000, 0xa8780000)
  object space 43008K, 12% used [0x93240000,0x937770c8,0x95c40000)
 PSPermGen       total 31232K, used 14884K [0x8b240000, 0x8d0c0000, 0x93240000)
  object space 31232K, 47% used [0x8b240000,0x8c0c92f0,0x8d0c0000)
}
Event: 47.003 GC heap before
{Heap before GC invocations=76 (full 3):
 PSYoungGen      total 53760K, used 53264K [0xa8780000, 0xabc80000, 0xb3240000)
  eden space 53248K, 100% used [0xa8780000,0xabb80000,0xabb80000)
  from space 512K, 3% used [0xabc00000,0xabc04000,0xabc80000)
  to   space 512K, 0% used [0xabb80000,0xabb80000,0xabc00000)
 ParOldGen       total 43008K, used 5340K [0x93240000, 0x95c40000, 0xa8780000)
  object space 43008K, 12% used [0x93240000,0x937770c8,0x95c40000)
 PSPermGen       total 31232K, used 14884K [0x8b240000, 0x8d0c0000, 0x93240000)
  object space 31232K, 47% used [0x8b240000,0x8c0c9320,0x8d0c0000)
Event: 47.004 GC heap after
Heap after GC invocations=76 (full 3):
 PSYoungGen      total 53760K, used 68K [0xa8780000, 0xac700000, 0xb3240000)
  eden space 53248K, 0% used [0xa8780000,0xa8780000,0xabb80000)
  from space 512K, 13% used [0xabb80000,0xabb91218,0xabc00000)
  to   space 512K, 0% used [0xac680000,0xac680000,0xac700000)
 ParOldGen       total 43008K, used 5348K [0x93240000, 0x95c40000, 0xa8780000)
  object space 43008K, 12% used [0x93240000,0x937790c8,0x95c40000)
 PSPermGen       total 31232K, used 14884K [0x8b240000, 0x8d0c0000, 0x93240000)
  object space 31232K, 47% used [0x8b240000,0x8c0c9320,0x8d0c0000)
}
Event: 47.047 GC heap before
{Heap before GC invocations=77 (full 3):
 PSYoungGen      total 53760K, used 53316K [0xa8780000, 0xac700000, 0xb3240000)
  eden space 53248K, 100% used [0xa8780000,0xabb80000,0xabb80000)
  from space 512K, 13% used [0xabb80000,0xabb91218,0xabc00000)
  to   space 512K, 0% used [0xac680000,0xac680000,0xac700000)
 ParOldGen       total 43008K, used 5348K [0x93240000, 0x95c40000, 0xa8780000)
  object space 43008K, 12% used [0x93240000,0x937790c8,0x95c40000)
 PSPermGen       total 31232K, used 14884K [0x8b240000, 0x8d0c0000, 0x93240000)
  object space 31232K, 47% used [0x8b240000,0x8c0c9320,0x8d0c0000)
Event: 47.048 GC heap after
Heap after GC invocations=77 (full 3):
 PSYoungGen      total 64512K, used 16K [0xa8780000, 0xac700000, 0xb3240000)
  eden space 64000K, 0% used [0xa8780000,0xa8780000,0xac600000)
  from space 512K, 3% used [0xac680000,0xac684000,0xac700000)
  to   space 512K, 0% used [0xac600000,0xac600000,0xac680000)
 ParOldGen       total 43008K, used 5404K [0x93240000, 0x95c40000, 0xa8780000)
  object space 43008K, 12% used [0x93240000,0x937872e0,0x95c40000)
 PSPermGen       total 31232K, used 14884K [0x8b240000, 0x8d0c0000, 0x93240000)
  object space 31232K, 47% used [0x8b240000,0x8c0c9320,0x8d0c0000)
}
Event: 47.154 GC heap before
{Heap before GC invocations=78 (full 3):
 PSYoungGen      total 64512K, used 64016K [0xa8780000, 0xac700000, 0xb3240000)
  eden space 64000K, 100% used [0xa8780000,0xac600000,0xac600000)
  from space 512K, 3% used [0xac680000,0xac684000,0xac700000)
  to   space 512K, 0% used [0xac600000,0xac600000,0xac680000)
 ParOldGen       total 43008K, used 5404K [0x93240000, 0x95c40000, 0xa8780000)
  object space 43008K, 12% used [0x93240000,0x937872e0,0x95c40000)
 PSPermGen       total 31232K, used 14884K [0x8b240000, 0x8d0c0000, 0x93240000)
  object space 31232K, 47% used [0x8b240000,0x8c0c9320,0x8d0c0000)
Event: 47.155 GC heap after
Heap after GC invocations=78 (full 3):
 PSYoungGen      total 64512K, used 16K [0xa8780000, 0xad380000, 0xb3240000)
  eden space 64000K, 0% used [0xa8780000,0xa8780000,0xac600000)
  from space 512K, 3% used [0xac600000,0xac604000,0xac680000)
  to   space 512K, 0% used [0xad300000,0xad300000,0xad380000)
 ParOldGen       total 43008K, used 5412K [0x93240000, 0x95c40000, 0xa8780000)
  object space 43008K, 12% used [0x93240000,0x937892e0,0x95c40000)
 PSPermGen       total 31232K, used 14884K [0x8b240000, 0x8d0c0000, 0x93240000)
  object space 31232K, 47% used [0x8b240000,0x8c0c9320,0x8d0c0000)
}

Deoptimization events (10 events):
Event: 47.467 Thread 0x88cfc400 Uncommon trap: reason=unreached action=reinterpret pc=0xb33f3e58 method=sun.java2d.pisces.PiscesRenderingEngine.getAATileGenerator(Ljava/awt/Shape;Ljava/awt/geom/AffineTransform;Lsun/java2d/pipe/Region;Ljava/awt/BasicStroke;ZZ[I)Lsun/java2d/pipe/AATileGen
Event: 47.468 Thread 0x88cfc400 Uncommon trap: reason=bimorphic action=maybe_recompile pc=0xb33fe744 method=sun.java2d.pipe.RenderingEngine.feedConsumer(Ljava/awt/geom/PathIterator;Lsun/awt/geom/PathConsumer2D;)V @ 6
Event: 47.468 Thread 0x88cfc400 Uncommon trap: reason=class_check action=maybe_recompile pc=0xb33a07ac method=sun.java2d.pisces.PiscesRenderingEngine.pathTo(Ljava/awt/geom/PathIterator;Lsun/awt/geom/PathConsumer2D;)V @ 6
Event: 47.468 Thread 0x88cfc400 Uncommon trap: reason=bimorphic action=maybe_recompile pc=0xb33fe744 method=sun.java2d.pipe.RenderingEngine.feedConsumer(Ljava/awt/geom/PathIterator;Lsun/awt/geom/PathConsumer2D;)V @ 6
Event: 47.468 Thread 0x88cfc400 Uncommon trap: reason=bimorphic action=maybe_recompile pc=0xb33fe744 method=sun.java2d.pipe.RenderingEngine.feedConsumer(Ljava/awt/geom/PathIterator;Lsun/awt/geom/PathConsumer2D;)V @ 6
Event: 47.468 Thread 0x88cfc400 Uncommon trap: reason=class_check action=maybe_recompile pc=0xb33a07ac method=sun.java2d.pisces.PiscesRenderingEngine.pathTo(Ljava/awt/geom/PathIterator;Lsun/awt/geom/PathConsumer2D;)V @ 6
Event: 47.468 Thread 0x88cfc400 Uncommon trap: reason=class_check action=maybe_recompile pc=0xb33a07ac method=sun.java2d.pisces.PiscesRenderingEngine.pathTo(Ljava/awt/geom/PathIterator;Lsun/awt/geom/PathConsumer2D;)V @ 6
Event: 47.468 Thread 0x88cfc400 Uncommon trap: reason=class_check action=maybe_recompile pc=0xb33a07ac method=sun.java2d.pisces.PiscesRenderingEngine.pathTo(Ljava/awt/geom/PathIterator;Lsun/awt/geom/PathConsumer2D;)V @ 6
Event: 47.522 Thread 0x88cfc400 Uncommon trap: reason=bimorphic action=maybe_recompile pc=0xb3457e9c method=javax.swing.UIDefaults.getFromHashtable(Ljava/lang/Object;)Ljava/lang/Object; @ 231
Event: 47.867 Thread 0x88cfc400 Uncommon trap: reason=unreached action=reinterpret pc=0xb33bd344 method=sun.java2d.SunGraphics2D.setColor(Ljava/awt/Color;)V @ 1

Internal exceptions (10 events):
Event: 47.560 Thread 0x88cd1000 Threw 0xaa796108 at /build/openjdk-7-OXg_HK/openjdk-7-7u79-2.5.6/build/openjdk/hotspot/src/share/vm/prims/jvm.cpp:1284
Event: 47.560 Thread 0x88cd1000 Threw 0xaa798fd8 at /build/openjdk-7-OXg_HK/openjdk-7-7u79-2.5.6/build/openjdk/hotspot/src/share/vm/prims/jvm.cpp:1284
Event: 47.561 Thread 0x88cd1000 Threw 0xaa79e778 at /build/openjdk-7-OXg_HK/openjdk-7-7u79-2.5.6/build/openjdk/hotspot/src/share/vm/prims/jvm.cpp:1284
Event: 47.562 Thread 0x88cd1000 Threw 0xaa7aa9b8 at /build/openjdk-7-OXg_HK/openjdk-7-7u79-2.5.6/build/openjdk/hotspot/src/share/vm/prims/jvm.cpp:1284
Event: 47.655 Thread 0x88cd1000 Threw 0xaa7ee8e0 at /build/openjdk-7-OXg_HK/openjdk-7-7u79-2.5.6/build/openjdk/hotspot/src/share/vm/prims/jvm.cpp:1284
Event: 47.655 Thread 0x88cd1000 Threw 0xaa7f0c70 at /build/openjdk-7-OXg_HK/openjdk-7-7u79-2.5.6/build/openjdk/hotspot/src/share/vm/prims/jvm.cpp:1284
Event: 47.656 Thread 0x88cd1000 Threw 0xaa7f38e0 at /build/openjdk-7-OXg_HK/openjdk-7-7u79-2.5.6/build/openjdk/hotspot/src/share/vm/prims/jvm.cpp:1284
Event: 52.609 Thread 0x88cd1000 Threw 0xaba9e830 at /build/openjdk-7-OXg_HK/openjdk-7-7u79-2.5.6/build/openjdk/hotspot/src/share/vm/prims/jvm.cpp:1284
Event: 52.611 Thread 0x88cd1000 Threw 0xabaa11b0 at /build/openjdk-7-OXg_HK/openjdk-7-7u79-2.5.6/build/openjdk/hotspot/src/share/vm/prims/jvm.cpp:1284
Event: 52.613 Thread 0x88cd1000 Threw 0xabaa3f90 at /build/openjdk-7-OXg_HK/openjdk-7-7u79-2.5.6/build/openjdk/hotspot/src/share/vm/prims/jvm.cpp:1284

Events (10 events):
Event: 52.575 Thread 0x8922a800 flushing nmethod 0xb3436c88
Event: 52.605 Thread 0x88cd1000 Thread added: 0x88cd1000
Event: 52.609 loading class 0x870fca50
Event: 52.609 loading class 0x870fca50 done
Event: 52.611 loading class 0x872f25a8
Event: 52.611 loading class 0x872f25a8 done
Event: 52.613 loading class 0x87ff1b90
Event: 52.613 loading class 0x87ff1b90 done
Event: 52.614 loading class 0x8ada63b0
Event: 52.614 loading class 0x8ada63b0 done


Dynamic libraries:
08048000-08049000 r-xp 00000000 08:01 282989     /usr/lib/jvm/java-7-openjdk-i386/jre/bin/java
08049000-0804a000 r--p 00000000 08:01 282989     /usr/lib/jvm/java-7-openjdk-i386/jre/bin/java
0804a000-0804b000 rw-p 00001000 08:01 282989     /usr/lib/jvm/java-7-openjdk-i386/jre/bin/java
09ac7000-0a00c000 rw-p 00000000 00:00 0          [heap]
86b74000-86c00000 rw-s 00000000 00:04 4587544    /SYSV00000000 (deleted)
86c00000-86ce7000 rw-p 00000000 00:00 0 
86ce7000-86d00000 ---p 00000000 00:00 0 
86d47000-86d77000 r-xp 00000000 08:01 193278     /home/user/Desktop/Double-MAC/lanada/obj_cooja/mtype792.cooja
86d77000-86d78000 r--p 0002f000 08:01 193278     /home/user/Desktop/Double-MAC/lanada/obj_cooja/mtype792.cooja
86d78000-86d79000 rw-p 00030000 08:01 193278     /home/user/Desktop/Double-MAC/lanada/obj_cooja/mtype792.cooja
86d79000-86d82000 rw-p 00000000 00:00 0          [stack:19119]
86d82000-86d85000 ---p 00000000 00:00 0 
86d85000-86dd3000 rw-p 00000000 00:00 0 
86dd3000-86dd6000 ---p 00000000 00:00 0 
86dd6000-86e24000 rw-p 00000000 00:00 0          [stack:19107]
86e24000-86e53000 r-xp 00000000 08:01 193274     /home/user/Desktop/Double-MAC/lanada/obj_cooja/mtype473.cooja
86e53000-86e54000 r--p 0002e000 08:01 193274     /home/user/Desktop/Double-MAC/lanada/obj_cooja/mtype473.cooja
86e54000-86e55000 rw-p 0002f000 08:01 193274     /home/user/Desktop/Double-MAC/lanada/obj_cooja/mtype473.cooja
86e55000-86e5e000 rw-p 00000000 00:00 0 
86e5e000-86e61000 ---p 00000000 00:00 0 
86e61000-86eaf000 rw-p 00000000 00:00 0 
86eaf000-86eb2000 ---p 00000000 00:00 0 
86eb2000-86f00000 rw-p 00000000 00:00 0          [stack:19059]
86f00000-87000000 rw-p 00000000 00:00 0 
87000000-870fd000 rw-p 00000000 00:00 0 
870fd000-87100000 ---p 00000000 00:00 0 
8710d000-87110000 ---p 00000000 00:00 0 
87110000-8715e000 rw-p 00000000 00:00 0 
8715e000-87161000 ---p 00000000 00:00 0 
87161000-871af000 rw-p 00000000 00:00 0          [stack:18999]
871af000-871b2000 ---p 00000000 00:00 0 
871b2000-87200000 rw-p 00000000 00:00 0 
87200000-872fc000 rw-p 00000000 00:00 0 
872fc000-87300000 ---p 00000000 00:00 0 
87327000-8732a000 ---p 00000000 00:00 0 
8732a000-87378000 rw-p 00000000 00:00 0          [stack:18988]
87378000-8737b000 ---p 00000000 00:00 0 
8737b000-873c9000 rw-p 00000000 00:00 0 
873c9000-873cc000 ---p 00000000 00:00 0 
873cc000-8741a000 rw-p 00000000 00:00 0          [stack:18939]
8741a000-8741d000 ---p 00000000 00:00 0 
8741d000-8746b000 rw-p 00000000 00:00 0          [stack:18950]
8746b000-87b00000 rw-s 00000000 00:04 2195478    /SYSV00000000 (deleted)
87b00000-87b90000 rw-p 00000000 00:00 0 
87b90000-87c00000 ---p 00000000 00:00 0 
87c21000-87c24000 ---p 00000000 00:00 0 
87c24000-87c3c000 rw-p 00000000 00:00 0          [stack:18060]
87caf000-87cb2000 ---p 00000000 00:00 0 
87cb2000-87d00000 rw-p 00000000 00:00 0 
87d00000-87df4000 rw-p 00000000 00:00 0 
87df4000-87e00000 ---p 00000000 00:00 0 
87e0a000-87e0b000 rw-p 00000000 00:00 0 
87e0b000-87e0d000 r--s 00003000 08:01 169160     /home/user/Desktop/Double-MAC/tools/cooja/apps/powertracker/lib/powertracker.jar
87e0d000-87e0e000 r--s 00002000 08:01 171273     /home/user/Desktop/Double-MAC/tools/cooja/apps/collect-view/cooja-collect-view.jar
87e0e000-87e10000 r--s 00008000 08:01 169161     /home/user/Desktop/Double-MAC/tools/cooja/apps/serial_socket/lib/serial_socket.jar
87e10000-87e4a000 r--s 001e1000 08:01 171237     /home/user/Desktop/Double-MAC/tools/cooja/apps/avrora/lib/avrora-small.jar
87e4a000-87e4c000 r--s 00010000 08:01 171608     /home/user/Desktop/Double-MAC/tools/cooja/apps/mspsim/lib/jipv6.jar
87e4c000-87e58000 r--s 000eb000 08:01 171609     /home/user/Desktop/Double-MAC/tools/cooja/apps/mspsim/lib/mspsim.jar
87e58000-87e5e000 r--s 00062000 08:01 171607     /home/user/Desktop/Double-MAC/tools/cooja/apps/mspsim/lib/cooja_mspsim.jar
87e5e000-87e61000 ---p 00000000 00:00 0 
87e61000-87eaf000 rw-p 00000000 00:00 0          [stack:18056]
87eaf000-87eb2000 ---p 00000000 00:00 0 
87eb2000-87f00000 rw-p 00000000 00:00 0          [stack:18055]
87f00000-87fff000 rw-p 00000000 00:00 0 
87fff000-88000000 ---p 00000000 00:00 0 
88000000-88001000 r--s 00008000 08:01 171241     /home/user/Desktop/Double-MAC/tools/cooja/apps/avrora/lib/cooja_avrora.jar
88001000-88002000 r--s 00004000 08:01 169159     /home/user/Desktop/Double-MAC/tools/cooja/apps/mspsim/lib/coffee.jar
88002000-88005000 r--s 0001e000 08:01 171387     /home/user/Desktop/Double-MAC/tools/cooja/apps/mrm/lib/mrm.jar
88005000-88008000 ---p 00000000 00:00 0 
88008000-88056000 rw-p 00000000 00:00 0          [stack:18054]
88056000-88057000 r--s 00000000 08:01 395215     /var/cache/fontconfig/c05880de57d1f5e948fdfacc138775d9-le32d4.cache-4
88057000-8805f000 r--s 00000000 08:01 395167     /var/cache/fontconfig/945677eb7aeaf62f1d50efc3fb3ec7d8-le32d4.cache-4
8805f000-88061000 r--s 00000000 08:01 395164     /var/cache/fontconfig/99e8ed0e538f840c565b6ed5dad60d56-le32d4.cache-4
88061000-88065000 r--s 00000000 08:01 395159     /var/cache/fontconfig/2cd17615ca594fa2959ae173292e504c-le32d4.cache-4
88065000-88066000 r--s 00000000 08:01 395064     /var/cache/fontconfig/e7071f4a29fa870f4323321c154eba04-le32d4.cache-4
88066000-88067000 r--s 00000000 08:01 394991     /var/cache/fontconfig/0d8c3b2ac0904cb8a57a757ad11a4a08-le32d4.cache-4
88067000-8806c000 r--s 00000000 08:01 394968     /var/cache/fontconfig/a755afe4a08bf5b97852ceb7400b47bc-le32d4.cache-4
8806c000-88075000 r--s 00000000 08:01 394962     /var/cache/fontconfig/6d41288fd70b0be22e8c3a91e032eec0-le32d4.cache-4
88075000-88084000 r--s 00000000 08:01 394955     /var/cache/fontconfig/04aabc0a78ac019cf9454389977116d2-le32d4.cache-4
88084000-88085000 r--s 00000000 08:01 394954     /var/cache/fontconfig/1ac9eb803944fde146138c791f5cc56a-le32d4.cache-4
88085000-88088000 r--s 00000000 08:01 394928     /var/cache/fontconfig/385c0604a188198f04d133e54aba7fe7-le32d4.cache-4
88088000-88089000 r--s 00000000 08:01 394926     /var/cache/fontconfig/dc05db6664285cc2f12bf69c139ae4c3-le32d4.cache-4
88089000-8808b000 r--s 00000000 08:01 394921     /var/cache/fontconfig/767a8244fc0220cfb567a839d0392e0b-le32d4.cache-4
8808b000-8808f000 r--s 00000000 08:01 394858     /var/cache/fontconfig/8801497958630a81b71ace7c5f9b32a8-le32d4.cache-4
8808f000-88094000 r--s 00000000 08:01 394798     /var/cache/fontconfig/3047814df9a2f067bd2d96a2b9c36e5a-le32d4.cache-4
88094000-88098000 r--s 00000000 08:01 394795     /var/cache/fontconfig/b47c4e1ecd0709278f4910c18777a504-le32d4.cache-4
88098000-880a8000 r--s 00000000 08:01 394737     /var/cache/fontconfig/d52a8644073d54c13679302ca1180695-le32d4.cache-4
880a8000-880f8000 r-xp 00000000 08:01 138960     /usr/lib/jvm/java-7-openjdk-i386/jre/lib/i386/libfontmanager.so
880f8000-880fa000 r--p 0004f000 08:01 138960     /usr/lib/jvm/java-7-openjdk-i386/jre/lib/i386/libfontmanager.so
880fa000-880fb000 rw-p 00051000 08:01 138960     /usr/lib/jvm/java-7-openjdk-i386/jre/lib/i386/libfontmanager.so
880fb000-880fe000 ---p 00000000 00:00 0 
880fe000-8814c000 rw-p 00000000 00:00 0          [stack:18053]
8814c000-88150000 r-xp 00000000 08:01 7640       /usr/lib/i386-linux-gnu/libXfixes.so.3.1.0
88150000-88151000 r--p 00003000 08:01 7640       /usr/lib/i386-linux-gnu/libXfixes.so.3.1.0
88151000-88152000 rw-p 00004000 08:01 7640       /usr/lib/i386-linux-gnu/libXfixes.so.3.1.0
88152000-8815b000 r-xp 00000000 08:01 9790       /usr/lib/i386-linux-gnu/libXcursor.so.1.0.2
8815b000-8815c000 r--p 00008000 08:01 9790       /usr/lib/i386-linux-gnu/libXcursor.so.1.0.2
8815c000-8815d000 rw-p 00009000 08:01 9790       /usr/lib/i386-linux-gnu/libXcursor.so.1.0.2
8815d000-88160000 ---p 00000000 00:00 0 
88160000-881ae000 rw-p 00000000 00:00 0          [stack:18052]
881ae000-881b1000 r-xp 00000000 08:01 131371     /lib/i386-linux-gnu/libgpg-error.so.0.10.0
881b1000-881b2000 r--p 00002000 08:01 131371     /lib/i386-linux-gnu/libgpg-error.so.0.10.0
881b2000-881b3000 rw-p 00003000 08:01 131371     /lib/i386-linux-gnu/libgpg-error.so.0.10.0
881b3000-881d9000 r-xp 00000000 08:01 158418     /lib/i386-linux-gnu/libpng12.so.0.50.0
881d9000-881da000 r--p 00025000 08:01 158418     /lib/i386-linux-gnu/libpng12.so.0.50.0
881da000-881db000 rw-p 00026000 08:01 158418     /lib/i386-linux-gnu/libpng12.so.0.50.0
881db000-88224000 r-xp 00000000 08:01 131443     /lib/i386-linux-gnu/libdbus-1.so.3.7.6
88224000-88225000 r--p 00048000 08:01 131443     /lib/i386-linux-gnu/libdbus-1.so.3.7.6
88225000-88226000 rw-p 00049000 08:01 131443     /lib/i386-linux-gnu/libdbus-1.so.3.7.6
88226000-8825d000 r-xp 00000000 08:01 712        /usr/lib/i386-linux-gnu/libp11-kit.so.0.0.0
8825d000-8825e000 ---p 00037000 08:01 712        /usr/lib/i386-linux-gnu/libp11-kit.so.0.0.0
8825e000-88261000 r--p 00037000 08:01 712        /usr/lib/i386-linux-gnu/libp11-kit.so.0.0.0
88261000-88262000 rw-p 0003a000 08:01 712        /usr/lib/i386-linux-gnu/libp11-kit.so.0.0.0
88262000-88274000 r-xp 00000000 08:01 38286      /usr/lib/i386-linux-gnu/libtasn1.so.6.2.0
88274000-88275000 r--p 00011000 08:01 38286      /usr/lib/i386-linux-gnu/libtasn1.so.6.2.0
88275000-88276000 rw-p 00012000 08:01 38286      /usr/lib/i386-linux-gnu/libtasn1.so.6.2.0
88276000-882f8000 r-xp 00000000 08:01 131206     /lib/i386-linux-gnu/libgcrypt.so.11.8.2
882f8000-882f9000 r--p 00082000 08:01 131206     /lib/i386-linux-gnu/libgcrypt.so.11.8.2
882f9000-882fb000 rw-p 00083000 08:01 131206     /lib/i386-linux-gnu/libgcrypt.so.11.8.2
882fb000-882fc000 rw-p 00000000 00:00 0 
882fc000-88306000 r-xp 00000000 08:01 56557      /usr/lib/i386-linux-gnu/libkrb5support.so.0.1
88306000-88307000 r--p 00009000 08:01 56557      /usr/lib/i386-linux-gnu/libkrb5support.so.0.1
88307000-88308000 rw-p 0000a000 08:01 56557      /usr/lib/i386-linux-gnu/libkrb5support.so.0.1
88308000-88336000 r-xp 00000000 08:01 56585      /usr/lib/i386-linux-gnu/libk5crypto.so.3.1
88336000-88337000 r--p 0002d000 08:01 56585      /usr/lib/i386-linux-gnu/libk5crypto.so.3.1
88337000-88338000 rw-p 0002e000 08:01 56585      /usr/lib/i386-linux-gnu/libk5crypto.so.3.1
88338000-883ef000 r-xp 00000000 08:01 56629      /usr/lib/i386-linux-gnu/libkrb5.so.3.3
883ef000-883f5000 r--p 000b7000 08:01 56629      /usr/lib/i386-linux-gnu/libkrb5.so.3.3
883f5000-883f6000 rw-p 000bd000 08:01 56629      /usr/lib/i386-linux-gnu/libkrb5.so.3.3
883f6000-8841b000 r-xp 00000000 08:01 131422     /lib/i386-linux-gnu/libexpat.so.1.6.0
8841b000-8841c000 ---p 00025000 08:01 131422     /lib/i386-linux-gnu/libexpat.so.1.6.0
8841c000-8841e000 r--p 00025000 08:01 131422     /lib/i386-linux-gnu/libexpat.so.1.6.0
8841e000-8841f000 rw-p 00027000 08:01 131422     /lib/i386-linux-gnu/libexpat.so.1.6.0
8841f000-884ba000 r-xp 00000000 08:01 5308       /usr/lib/i386-linux-gnu/libfreetype.so.6.11.1
884ba000-884be000 r--p 0009a000 08:01 5308       /usr/lib/i386-linux-gnu/libfreetype.so.6.11.1
884be000-884bf000 rw-p 0009e000 08:01 5308       /usr/lib/i386-linux-gnu/libfreetype.so.6.11.1
884bf000-884cf000 r-xp 00000000 08:01 10788      /usr/lib/i386-linux-gnu/libavahi-client.so.3.2.9
884cf000-884d0000 r--p 0000f000 08:01 10788      /usr/lib/i386-linux-gnu/libavahi-client.so.3.2.9
884d0000-884d1000 rw-p 00010000 08:01 10788      /usr/lib/i386-linux-gnu/libavahi-client.so.3.2.9
884d1000-884dd000 r-xp 00000000 08:01 8766       /usr/lib/i386-linux-gnu/libavahi-common.so.3.5.3
884dd000-884de000 r--p 0000b000 08:01 8766       /usr/lib/i386-linux-gnu/libavahi-common.so.3.5.3
884de000-884df000 rw-p 0000c000 08:01 8766       /usr/lib/i386-linux-gnu/libavahi-common.so.3.5.3
884df000-885a0000 r-xp 00000000 08:01 43756      /usr/lib/i386-linux-gnu/libgnutls.so.26.22.6
885a0000-885a4000 r--p 000c0000 08:01 43756      /usr/lib/i386-linux-gnu/libgnutls.so.26.22.6
885a4000-885a5000 rw-p 000c4000 08:01 43756      /usr/lib/i386-linux-gnu/libgnutls.so.26.22.6
885a5000-885e8000 r-xp 00000000 08:01 56613      /usr/lib/i386-linux-gnu/libgssapi_krb5.so.2.2
885e8000-885e9000 r--p 00042000 08:01 56613      /usr/lib/i386-linux-gnu/libgssapi_krb5.so.2.2
885e9000-885ea000 rw-p 00043000 08:01 56613      /usr/lib/i386-linux-gnu/libgssapi_krb5.so.2.2
885ea000-8860a000 r-xp 00000000 08:01 66655      /usr/lib/i386-linux-gnu/libxcb.so.1.1.0
8860a000-8860b000 r--p 0001f000 08:01 66655      /usr/lib/i386-linux-gnu/libxcb.so.1.1.0
8860b000-8860c000 rw-p 00020000 08:01 66655      /usr/lib/i386-linux-gnu/libxcb.so.1.1.0
8860c000-88645000 r-xp 00000000 08:01 10898      /usr/lib/i386-linux-gnu/libfontconfig.so.1.8.0
88645000-88646000 r--p 00039000 08:01 10898      /usr/lib/i386-linux-gnu/libfontconfig.so.1.8.0
88646000-88647000 rw-p 0003a000 08:01 10898      /usr/lib/i386-linux-gnu/libfontconfig.so.1.8.0
88647000-886ae000 r-xp 00000000 08:01 6693       /usr/lib/i386-linux-gnu/libcups.so.2
886ae000-886af000 ---p 00067000 08:01 6693       /usr/lib/i386-linux-gnu/libcups.so.2
886af000-886b3000 r--p 00067000 08:01 6693       /usr/lib/i386-linux-gnu/libcups.so.2
886b3000-886b4000 rw-p 0006b000 08:01 6693       /usr/lib/i386-linux-gnu/libcups.so.2
886b4000-886c2000 r-xp 00000000 08:01 7577       /usr/lib/i386-linux-gnu/libXi.so.6.1.0
886c2000-886c3000 r--p 0000e000 08:01 7577       /usr/lib/i386-linux-gnu/libXi.so.6.1.0
886c3000-886c4000 rw-p 0000f000 08:01 7577       /usr/lib/i386-linux-gnu/libXi.so.6.1.0
886c4000-887f4000 r-xp 00000000 08:01 10842      /usr/lib/i386-linux-gnu/libX11.so.6.3.0
887f4000-887f5000 r--p 00130000 08:01 10842      /usr/lib/i386-linux-gnu/libX11.so.6.3.0
887f5000-887f7000 rw-p 00131000 08:01 10842      /usr/lib/i386-linux-gnu/libX11.so.6.3.0
887f7000-887f8000 rw-p 00000000 00:00 0 
887f8000-88809000 r-xp 00000000 08:01 6183       /usr/lib/i386-linux-gnu/libXext.so.6.4.0
88809000-8880a000 r--p 00010000 08:01 6183       /usr/lib/i386-linux-gnu/libXext.so.6.4.0
8880a000-8880b000 rw-p 00011000 08:01 6183       /usr/lib/i386-linux-gnu/libXext.so.6.4.0
8880b000-88853000 r-xp 00000000 08:01 136828     /usr/lib/jvm/java-7-openjdk-i386/jre/lib/i386/xawt/libmawt.so
88853000-88854000 r--p 00047000 08:01 136828     /usr/lib/jvm/java-7-openjdk-i386/jre/lib/i386/xawt/libmawt.so
88854000-88856000 rw-p 00048000 08:01 136828     /usr/lib/jvm/java-7-openjdk-i386/jre/lib/i386/xawt/libmawt.so
88856000-88857000 rw-p 00000000 00:00 0 
88857000-888e6000 r-xp 00000000 08:01 138964     /usr/lib/jvm/java-7-openjdk-i386/jre/lib/i386/libawt.so
888e6000-888e7000 r--p 0008f000 08:01 138964     /usr/lib/jvm/java-7-openjdk-i386/jre/lib/i386/libawt.so
888e7000-888ee000 rw-p 00090000 08:01 138964     /usr/lib/jvm/java-7-openjdk-i386/jre/lib/i386/libawt.so
888ee000-88912000 rw-p 00000000 00:00 0 
88912000-8894e000 r-xp 00000000 08:01 136082     /lib/i386-linux-gnu/libpcre.so.3.13.1
8894e000-8894f000 r--p 0003b000 08:01 136082     /lib/i386-linux-gnu/libpcre.so.3.13.1
8894f000-88950000 rw-p 0003c000 08:01 136082     /lib/i386-linux-gnu/libpcre.so.3.13.1
88950000-88970000 r-xp 00000000 08:01 131406     /lib/i386-linux-gnu/libselinux.so.1
88970000-88971000 r--p 0001f000 08:01 131406     /lib/i386-linux-gnu/libselinux.so.1
88971000-88972000 rw-p 00020000 08:01 131406     /lib/i386-linux-gnu/libselinux.so.1
88972000-88973000 rw-p 00000000 00:00 0 
88973000-88a7d000 r-xp 00000000 08:01 136564     /lib/i386-linux-gnu/libglib-2.0.so.0.4002.0
88a7d000-88a7e000 r--p 00109000 08:01 136564     /lib/i386-linux-gnu/libglib-2.0.so.0.4002.0
88a7e000-88a7f000 rw-p 0010a000 08:01 136564     /lib/i386-linux-gnu/libglib-2.0.so.0.4002.0
88a7f000-88bfc000 r-xp 00000000 08:01 1674       /usr/lib/i386-linux-gnu/libgio-2.0.so.0.4002.0
88bfc000-88bfe000 r--p 0017d000 08:01 1674       /usr/lib/i386-linux-gnu/libgio-2.0.so.0.4002.0
88bfe000-88bff000 rw-p 0017f000 08:01 1674       /usr/lib/i386-linux-gnu/libgio-2.0.so.0.4002.0
88bff000-88c00000 rw-p 00000000 00:00 0 
88c00000-88cff000 rw-p 00000000 00:00 0 
88cff000-88d00000 ---p 00000000 00:00 0 
88d00000-88d01000 r--s 00000000 08:01 394913     /var/cache/fontconfig/4794a0821666d79190d59a36cb4f44b5-le32d4.cache-4
88d01000-88d02000 r--s 00000000 08:01 394797     /var/cache/fontconfig/56cf4f4769d0f4abc89a4895d7bd3ae1-le32d4.cache-4
88d02000-88d07000 r-xp 00000000 08:01 5406       /usr/lib/i386-linux-gnu/libXdmcp.so.6.0.0
88d07000-88d08000 r--p 00004000 08:01 5406       /usr/lib/i386-linux-gnu/libXdmcp.so.6.0.0
88d08000-88d09000 rw-p 00005000 08:01 5406       /usr/lib/i386-linux-gnu/libXdmcp.so.6.0.0
88d09000-88d1c000 r-xp 00000000 08:01 159740     /lib/i386-linux-gnu/libresolv-2.19.so
88d1c000-88d1d000 ---p 00013000 08:01 159740     /lib/i386-linux-gnu/libresolv-2.19.so
88d1d000-88d1e000 r--p 00013000 08:01 159740     /lib/i386-linux-gnu/libresolv-2.19.so
88d1e000-88d1f000 rw-p 00014000 08:01 159740     /lib/i386-linux-gnu/libresolv-2.19.so
88d1f000-88d21000 rw-p 00000000 00:00 0 
88d21000-88d71000 r-xp 00000000 08:01 1672       /usr/lib/i386-linux-gnu/libgobject-2.0.so.0.4002.0
88d71000-88d72000 r--p 0004f000 08:01 1672       /usr/lib/i386-linux-gnu/libgobject-2.0.so.0.4002.0
88d72000-88d73000 rw-p 00050000 08:01 1672       /usr/lib/i386-linux-gnu/libgobject-2.0.so.0.4002.0
88d73000-88d74000 r--s 00000000 08:01 394796     /var/cache/fontconfig/b9d506c9ac06c20b433354fa67a72993-le32d4.cache-4
88d74000-88d7b000 r--s 00000000 08:01 394735     /var/cache/fontconfig/3f7329c5293ffd510edef78f73874cfd-le32d4.cache-4
88d7b000-88d84000 r--s 00000000 08:01 394733     /var/cache/fontconfig/d589a48862398ed80a3d6066f4f56f4c-le32d4.cache-4
88d84000-88d85000 r--s 00000000 08:01 394716     /var/cache/fontconfig/0c9eb80ebd1c36541ebe2852d3bb0c49-le32d4.cache-4
88d85000-88d87000 r--s 00000000 08:01 393797     /var/cache/fontconfig/e13b20fdb08344e0e664864cc2ede53d-le32d4.cache-4
88d87000-88d8a000 r--s 00000000 08:01 394715     /var/cache/fontconfig/7ef2298fde41cc6eeb7af42e48b7d293-le32d4.cache-4
88d8a000-88d8b000 ---p 00000000 00:00 0 
88d8b000-88e0b000 rw-p 00000000 00:00 0          [stack:18051]
88e0b000-88e0e000 ---p 00000000 00:00 0 
88e0e000-88e5c000 rw-p 00000000 00:00 0          [stack:18050]
88e5c000-88e5f000 ---p 00000000 00:00 0 
88e5f000-88edd000 rw-p 00000000 00:00 0          [stack:18049]
88edd000-88ee0000 ---p 00000000 00:00 0 
88ee0000-88f5e000 rw-p 00000000 00:00 0          [stack:18048]
88f5e000-88f61000 ---p 00000000 00:00 0 
88f61000-88faf000 rw-p 00000000 00:00 0          [stack:18047]
88faf000-891af000 r--p 00000000 08:01 369        /usr/lib/locale/locale-archive
891af000-891b2000 ---p 00000000 00:00 0 
891b2000-89200000 rw-p 00000000 00:00 0          [stack:18046]
89200000-892fb000 rw-p 00000000 00:00 0 
892fb000-89300000 ---p 00000000 00:00 0 
89300000-89303000 r-xp 00000000 08:01 138844     /lib/i386-linux-gnu/libcom_err.so.2.1
89303000-89304000 r--p 00002000 08:01 138844     /lib/i386-linux-gnu/libcom_err.so.2.1
89304000-89305000 rw-p 00003000 08:01 138844     /lib/i386-linux-gnu/libcom_err.so.2.1
89305000-8931c000 r-xp 00000000 08:01 138987     /usr/lib/jvm/java-7-openjdk-i386/jre/lib/i386/libnet.so
8931c000-8931d000 r--p 00017000 08:01 138987     /usr/lib/jvm/java-7-openjdk-i386/jre/lib/i386/libnet.so
8931d000-8931e000 rw-p 00018000 08:01 138987     /usr/lib/jvm/java-7-openjdk-i386/jre/lib/i386/libnet.so
8931e000-8932f000 r-xp 00000000 08:01 138994     /usr/lib/jvm/java-7-openjdk-i386/jre/lib/i386/libnio.so
8932f000-89330000 r--p 00010000 08:01 138994     /usr/lib/jvm/java-7-openjdk-i386/jre/lib/i386/libnio.so
89330000-89331000 rw-p 00011000 08:01 138994     /usr/lib/jvm/java-7-openjdk-i386/jre/lib/i386/libnio.so
89331000-8934e000 r--s 0014f000 08:01 173179     /home/user/Desktop/Double-MAC/tools/cooja/lib/swingx-all-1.6.4.jar
8934e000-8934f000 ---p 00000000 00:00 0 
8934f000-893cf000 rw-p 00000000 00:00 0          [stack:18044]
893cf000-89580000 r--s 01d29000 08:01 136944     /usr/lib/jvm/java-7-openjdk-i386/jre/lib/rt.jar
89580000-8ac00000 rw-p 00000000 00:00 0 
8ac00000-8acfa000 rw-p 00000000 00:00 0 
8acfa000-8ad00000 ---p 00000000 00:00 0 
8ad00000-8ad02000 r-xp 00000000 08:01 132278     /lib/i386-linux-gnu/libkeyutils.so.1.4
8ad02000-8ad03000 r--p 00002000 08:01 132278     /lib/i386-linux-gnu/libkeyutils.so.1.4
8ad03000-8ad04000 rw-p 00003000 08:01 132278     /lib/i386-linux-gnu/libkeyutils.so.1.4
8ad04000-8ad09000 r-xp 00000000 08:01 10292      /usr/lib/i386-linux-gnu/libXtst.so.6.1.0
8ad09000-8ad0a000 r--p 00004000 08:01 10292      /usr/lib/i386-linux-gnu/libXtst.so.6.1.0
8ad0a000-8ad0b000 rw-p 00005000 08:01 10292      /usr/lib/i386-linux-gnu/libXtst.so.6.1.0
8ad0b000-8ad0e000 ---p 00000000 00:00 0 
8ad0e000-8ae00000 rw-p 00000000 00:00 0          [stack:18045]
8ae00000-8ae21000 rw-p 00000000 00:00 0 
8ae21000-8af00000 ---p 00000000 00:00 0 
8af00000-8af09000 r-xp 00000000 08:01 6199       /usr/lib/i386-linux-gnu/libXrender.so.1.3.0
8af09000-8af0a000 r--p 00008000 08:01 6199       /usr/lib/i386-linux-gnu/libXrender.so.1.3.0
8af0a000-8af0b000 rw-p 00009000 08:01 6199       /usr/lib/i386-linux-gnu/libXrender.so.1.3.0
8af0b000-8af10000 r-xp 00000000 08:01 1818       /usr/lib/i386-linux-gnu/libffi.so.6.0.1
8af10000-8af11000 r--p 00005000 08:01 1818       /usr/lib/i386-linux-gnu/libffi.so.6.0.1
8af11000-8af12000 rw-p 00006000 08:01 1818       /usr/lib/i386-linux-gnu/libffi.so.6.0.1
8af12000-8af13000 ---p 00000000 00:00 0 
8af13000-8af93000 rw-p 00000000 00:00 0          [stack:18043]
8af93000-8af94000 ---p 00000000 00:00 0 
8af94000-8b024000 rw-p 00000000 00:00 0          [stack:18040]
8b024000-8b054000 rw-p 00000000 00:00 0 
8b054000-8b069000 rw-p 00000000 00:00 0 
8b069000-8b0ff000 rw-p 00000000 00:00 0 
8b0ff000-8b10f000 rw-p 00000000 00:00 0 
8b10f000-8b13f000 rw-p 00000000 00:00 0 
8b13f000-8b154000 rw-p 00000000 00:00 0 
8b154000-8b1e9000 rw-p 00000000 00:00 0 
8b1e9000-8b210000 rw-p 00000000 00:00 0 
8b210000-8b23f000 rw-p 00000000 00:00 0 
8b23f000-8d0c0000 rw-p 00000000 00:00 0 
8d0c0000-8d180000 ---p 00000000 00:00 0 
8d180000-93240000 rw-p 00000000 00:00 0 
93240000-95c40000 rw-p 00000000 00:00 0 
95c40000-a8780000 rw-p 00000000 00:00 0 
a8780000-ad380000 rw-p 00000000 00:00 0 
ad380000-b3240000 rw-p 00000000 00:00 0 
b3240000-b3249000 rw-p 00000000 00:00 0 
b3249000-b3300000 rw-p 00000000 00:00 0 
b3300000-b3540000 rwxp 00000000 00:00 0 
b3540000-b63fd000 rw-p 00000000 00:00 0 
b63fd000-b6400000 ---p 00000000 00:00 0 
b6400000-b6402000 r-xp 00000000 08:01 5352       /usr/lib/i386-linux-gnu/libXau.so.6.0.0
b6402000-b6403000 r--p 00001000 08:01 5352       /usr/lib/i386-linux-gnu/libXau.so.6.0.0
b6403000-b6404000 rw-p 00002000 08:01 5352       /usr/lib/i386-linux-gnu/libXau.so.6.0.0
b6404000-b6407000 r-xp 00000000 08:01 1675       /usr/lib/i386-linux-gnu/libgmodule-2.0.so.0.4002.0
b6407000-b6408000 r--p 00002000 08:01 1675       /usr/lib/i386-linux-gnu/libgmodule-2.0.so.0.4002.0
b6408000-b6409000 rw-p 00003000 08:01 1675       /usr/lib/i386-linux-gnu/libgmodule-2.0.so.0.4002.0
b6409000-b6413000 r--s 000ae000 08:01 136954     /usr/lib/jvm/java-7-openjdk-i386/jre/lib/resources.jar
b6413000-b641a000 r--s 0005b000 08:01 173177     /home/user/Desktop/Double-MAC/tools/cooja/lib/jsyntaxpane.jar
b641a000-b6421000 r--s 0004f000 08:01 173178     /home/user/Desktop/Double-MAC/tools/cooja/lib/log4j.jar
b6421000-b6424000 r--s 00022000 08:01 173176     /home/user/Desktop/Double-MAC/tools/cooja/lib/jdom.jar
b6424000-b6428000 r--s 00085000 08:01 144112     /usr/lib/jvm/java-7-openjdk-i386/jre/lib/ext/localedata.jar
b6428000-b642c000 r--s 00034000 08:01 144116     /usr/lib/jvm/java-7-openjdk-i386/jre/lib/ext/sunjce_provider.jar
b642c000-b642f000 r--s 0000f000 08:01 144120     /usr/lib/jvm/java-7-openjdk-i386/jre/lib/ext/icedtea-sound.jar
b642f000-b643e000 rw-p 00000000 00:00 0 
b643e000-b6449000 r-xp 00000000 08:01 159744     /lib/i386-linux-gnu/libnss_files-2.19.so
b6449000-b644a000 r--p 0000a000 08:01 159744     /lib/i386-linux-gnu/libnss_files-2.19.so
b644a000-b644b000 rw-p 0000b000 08:01 159744     /lib/i386-linux-gnu/libnss_files-2.19.so
b644b000-b6455000 r-xp 00000000 08:01 159715     /lib/i386-linux-gnu/libnss_nis-2.19.so
b6455000-b6456000 r--p 00009000 08:01 159715     /lib/i386-linux-gnu/libnss_nis-2.19.so
b6456000-b6457000 rw-p 0000a000 08:01 159715     /lib/i386-linux-gnu/libnss_nis-2.19.so
b6457000-b646c000 r-xp 00000000 08:01 159717     /lib/i386-linux-gnu/libnsl-2.19.so
b646c000-b646d000 r--p 00015000 08:01 159717     /lib/i386-linux-gnu/libnsl-2.19.so
b646d000-b646e000 rw-p 00016000 08:01 159717     /lib/i386-linux-gnu/libnsl-2.19.so
b646e000-b6470000 rw-p 00000000 00:00 0 
b6470000-b6477000 r-xp 00000000 08:01 159727     /lib/i386-linux-gnu/libnss_compat-2.19.so
b6477000-b6478000 r--p 00006000 08:01 159727     /lib/i386-linux-gnu/libnss_compat-2.19.so
b6478000-b6479000 rw-p 00007000 08:01 159727     /lib/i386-linux-gnu/libnss_compat-2.19.so
b6479000-b647a000 r--s 00002000 08:01 144114     /usr/lib/jvm/java-7-openjdk-i386/jre/lib/ext/dnsns.jar
b647a000-b647e000 r--s 0003c000 08:01 144118     /usr/lib/jvm/java-7-openjdk-i386/jre/lib/ext/sunpkcs11.jar
b647e000-b6486000 r-xp 00000000 08:01 138893     /usr/lib/jvm/java-7-openjdk-i386/jre/lib/i386/libzip.so
b6486000-b6487000 r--p 00007000 08:01 138893     /usr/lib/jvm/java-7-openjdk-i386/jre/lib/i386/libzip.so
b6487000-b6488000 rw-p 00008000 08:01 138893     /usr/lib/jvm/java-7-openjdk-i386/jre/lib/i386/libzip.so
b6488000-b6490000 rw-s 00000000 08:01 169085     /tmp/hsperfdata_user/18036
b6490000-b64b7000 r-xp 00000000 08:01 144073     /usr/lib/jvm/java-7-openjdk-i386/jre/lib/i386/libjava.so
b64b7000-b64b8000 r--p 00026000 08:01 144073     /usr/lib/jvm/java-7-openjdk-i386/jre/lib/i386/libjava.so
b64b8000-b64b9000 rw-p 00027000 08:01 144073     /usr/lib/jvm/java-7-openjdk-i386/jre/lib/i386/libjava.so
b64b9000-b64c0000 r-xp 00000000 08:01 159746     /lib/i386-linux-gnu/librt-2.19.so
b64c0000-b64c1000 r--p 00006000 08:01 159746     /lib/i386-linux-gnu/librt-2.19.so
b64c1000-b64c2000 rw-p 00007000 08:01 159746     /lib/i386-linux-gnu/librt-2.19.so
b64c2000-b64c5000 ---p 00000000 00:00 0 
b64c5000-b6513000 rw-p 00000000 00:00 0          [stack:18038]
b6513000-b652f000 r-xp 00000000 08:01 131377     /lib/i386-linux-gnu/libgcc_s.so.1
b652f000-b6530000 rw-p 0001b000 08:01 131377     /lib/i386-linux-gnu/libgcc_s.so.1
b6530000-b6574000 r-xp 00000000 08:01 159725     /lib/i386-linux-gnu/libm-2.19.so
b6574000-b6575000 r--p 00043000 08:01 159725     /lib/i386-linux-gnu/libm-2.19.so
b6575000-b6576000 rw-p 00044000 08:01 159725     /lib/i386-linux-gnu/libm-2.19.so
b6576000-b6652000 r-xp 00000000 08:01 540        /usr/lib/i386-linux-gnu/libstdc++.so.6.0.19
b6652000-b6656000 r--p 000dc000 08:01 540        /usr/lib/i386-linux-gnu/libstdc++.so.6.0.19
b6656000-b6657000 rw-p 000e0000 08:01 540        /usr/lib/i386-linux-gnu/libstdc++.so.6.0.19
b6657000-b665e000 rw-p 00000000 00:00 0 
b665e000-b704d000 r-xp 00000000 08:01 138935     /usr/lib/jvm/java-7-openjdk-i386/jre/lib/i386/server/libjvm.so
b704d000-b709f000 r--p 009ee000 08:01 138935     /usr/lib/jvm/java-7-openjdk-i386/jre/lib/i386/server/libjvm.so
b709f000-b70b3000 rw-p 00a40000 08:01 138935     /usr/lib/jvm/java-7-openjdk-i386/jre/lib/i386/server/libjvm.so
b70b3000-b74d1000 rw-p 00000000 00:00 0 
b74d1000-b74e9000 r-xp 00000000 08:01 158556     /lib/i386-linux-gnu/libz.so.1.2.8
b74e9000-b74ea000 r--p 00017000 08:01 158556     /lib/i386-linux-gnu/libz.so.1.2.8
b74ea000-b74eb000 rw-p 00018000 08:01 158556     /lib/i386-linux-gnu/libz.so.1.2.8
b74eb000-b7503000 r-xp 00000000 08:01 159736     /lib/i386-linux-gnu/libpthread-2.19.so
b7503000-b7504000 r--p 00018000 08:01 159736     /lib/i386-linux-gnu/libpthread-2.19.so
b7504000-b7505000 rw-p 00019000 08:01 159736     /lib/i386-linux-gnu/libpthread-2.19.so
b7505000-b7507000 rw-p 00000000 00:00 0 
b7507000-b750a000 r-xp 00000000 08:01 159003     /lib/i386-linux-gnu/libdl-2.19.so
b750a000-b750b000 r--p 00002000 08:01 159003     /lib/i386-linux-gnu/libdl-2.19.so
b750b000-b750c000 rw-p 00003000 08:01 159003     /lib/i386-linux-gnu/libdl-2.19.so
b750c000-b76b4000 r-xp 00000000 08:01 159001     /lib/i386-linux-gnu/libc-2.19.so
b76b4000-b76b6000 r--p 001a8000 08:01 159001     /lib/i386-linux-gnu/libc-2.19.so
b76b6000-b76b7000 rw-p 001aa000 08:01 159001     /lib/i386-linux-gnu/libc-2.19.so
b76b7000-b76ba000 rw-p 00000000 00:00 0 
b76ba000-b76bc000 r--s 00006000 08:01 276693     /usr/share/java/java-atk-wrapper.jar
b76bc000-b76be000 r--s 00012000 08:01 144121     /usr/lib/jvm/java-7-openjdk-i386/jre/lib/ext/zipfs.jar
b76be000-b76bf000 r--p 002c5000 08:01 369        /usr/lib/locale/locale-archive
b76bf000-b76c0000 rw-p 00000000 00:00 0 
b76c0000-b76c1000 r--p 00000000 00:00 0 
b76c1000-b76cf000 r-xp 00000000 08:01 138970     /usr/lib/jvm/java-7-openjdk-i386/jre/lib/i386/libverify.so
b76cf000-b76d0000 r--p 0000d000 08:01 138970     /usr/lib/jvm/java-7-openjdk-i386/jre/lib/i386/libverify.so
b76d0000-b76d1000 rw-p 0000e000 08:01 138970     /usr/lib/jvm/java-7-openjdk-i386/jre/lib/i386/libverify.so
b76d1000-b76dd000 r-xp 00000000 08:01 138927     /usr/lib/jvm/java-7-openjdk-i386/jre/lib/i386/jli/libjli.so
b76dd000-b76de000 r--p 0000c000 08:01 138927     /usr/lib/jvm/java-7-openjdk-i386/jre/lib/i386/jli/libjli.so
b76de000-b76df000 rw-p 0000d000 08:01 138927     /usr/lib/jvm/java-7-openjdk-i386/jre/lib/i386/jli/libjli.so
b76df000-b76e2000 rw-p 00000000 00:00 0 
b76e2000-b76e3000 r-xp 00000000 00:00 0          [vdso]
b76e3000-b7703000 r-xp 00000000 08:01 159713     /lib/i386-linux-gnu/ld-2.19.so
b7703000-b7704000 r--p 0001f000 08:01 159713     /lib/i386-linux-gnu/ld-2.19.so
b7704000-b7705000 rw-p 00020000 08:01 159713     /lib/i386-linux-gnu/ld-2.19.so
bfb01000-bfb02000 rwxp 00000000 00:00 0 
bfb34000-bfb55000 rw-p 00000000 00:00 0          [stack]

VM Arguments:
jvm_args: -Xmx512m -Duser.language=en 
java_command: org.contikios.cooja.Cooja
Launcher Type: SUN_STANDARD

Environment Variables:
JAVA_HOME=/usr/lib/jvm/java-7-openjdk-i386
PATH=/usr/local/sdcc/bin:/usr/local/sbin:/usr/local/bin:/usr/sbin:/usr/bin:/sbin:/bin:/usr/games:/usr/local/games:/home/user/CodeSourcery/Sourcery_G++_Lite/bin:/usr/local/msp430/bin:/home/user/CodeSourcery/Sourcery_G++_Lite/bin
LD_LIBRARY_PATH=.
SHELL=/bin/bash
DISPLAY=:0

Signal Handlers:
SIGSEGV: [libjvm.so+0x80cb90], sa_mask[0]=0x7ffbfeff, sa_flags=0x10000004
SIGBUS: [libjvm.so+0x80cb90], sa_mask[0]=0x7ffbfeff, sa_flags=0x10000004
SIGFPE: [libjvm.so+0x684e30], sa_mask[0]=0x7ffbfeff, sa_flags=0x10000004
SIGPIPE: [libjvm.so+0x684e30], sa_mask[0]=0x7ffbfeff, sa_flags=0x10000004
SIGXFSZ: [libjvm.so+0x684e30], sa_mask[0]=0x7ffbfeff, sa_flags=0x10000004
SIGILL: [libjvm.so+0x684e30], sa_mask[0]=0x7ffbfeff, sa_flags=0x10000004
SIGUSR1: SIG_DFL, sa_mask[0]=0x00000000, sa_flags=0x00000000
SIGUSR2: [libjvm.so+0x684cc0], sa_mask[0]=0x00000004, sa_flags=0x10000004
SIGHUP: [libjvm.so+0x684ef0], sa_mask[0]=0x7ffbfeff, sa_flags=0x10000004
SIGINT: [libjvm.so+0x684ef0], sa_mask[0]=0x7ffbfeff, sa_flags=0x10000004
SIGTERM: [libjvm.so+0x684ef0], sa_mask[0]=0x7ffbfeff, sa_flags=0x10000004
SIGQUIT: [libjvm.so+0x684ef0], sa_mask[0]=0x7ffbfeff, sa_flags=0x10000004
SIGTRAP: SIG_DFL, sa_mask[0]=0x00000000, sa_flags=0x00000000


---------------  S Y S T E M  ---------------

OS:Ubuntu 14.04 (trusty)
uname:Linux 3.13.0-62-generic #102-Ubuntu SMP Tue Aug 11 14:28:35 UTC 2015 i686
libc:glibc 2.19 NPTL 2.19 
rlimit: STACK 8192k, CORE 0k, NPROC 32116, NOFILE 4096, AS infinity
load average:0.37 0.23 0.19

/proc/meminfo:
MemTotal:        4130196 kB
MemFree:         1879792 kB
Buffers:          144124 kB
Cached:          1416928 kB
SwapCached:            0 kB
Active:          1714692 kB
Inactive:         427912 kB
Active(anon):     582568 kB
Inactive(anon):    26080 kB
Active(file):    1132124 kB
Inactive(file):   401832 kB
Unevictable:          32 kB
Mlocked:              32 kB
HighTotal:       3280776 kB
HighFree:        1586816 kB
LowTotal:         849420 kB
LowFree:          292976 kB
SwapTotal:       1046524 kB
SwapFree:        1046524 kB
Dirty:              2080 kB
Writeback:             0 kB
AnonPages:        581596 kB
Mapped:           136560 kB
Shmem:             27100 kB
Slab:              67284 kB
SReclaimable:      51848 kB
SUnreclaim:        15436 kB
KernelStack:        3032 kB
PageTables:         7424 kB
NFS_Unstable:          0 kB
Bounce:                0 kB
WritebackTmp:          0 kB
CommitLimit:     3111620 kB
Committed_AS:    2857012 kB
VmallocTotal:     122880 kB
VmallocUsed:       23408 kB
VmallocChunk:      92168 kB
HardwareCorrupted:     0 kB
AnonHugePages:    319488 kB
HugePages_Total:       0
HugePages_Free:        0
HugePages_Rsvd:        0
HugePages_Surp:        0
Hugepagesize:       2048 kB
DirectMap4k:       22520 kB
DirectMap2M:      890880 kB


CPU:total 2 (1 cores per cpu, 1 threads per core) family 6 model 94 stepping 3, cmov, cx8, fxsr, mmx, sse, sse2, sse3, ssse3, sse4.1, sse4.2, popcnt, avx, aes, tsc, tscinvbit

/proc/cpuinfo:
processor	: 0
vendor_id	: GenuineIntel
cpu family	: 6
model		: 94
model name	: Intel(R) Core(TM) i5-6500 CPU @ 3.20GHz
stepping	: 3
microcode	: 0x76
cpu MHz		: 3192.001
cache size	: 6144 KB
physical id	: 0
siblings	: 1
core id		: 0
cpu cores	: 1
apicid		: 0
initial apicid	: 0
fdiv_bug	: no
f00f_bug	: no
coma_bug	: no
fpu		: yes
fpu_exception	: yes
cpuid level	: 22
wp		: yes
flags		: fpu vme de pse tsc msr pae mce cx8 apic sep mtrr pge mca cmov pat pse36 clflush dts mmx fxsr sse sse2 ss nx rdtscp lm constant_tsc arch_perfmon pebs bts tsc_reliable nonstop_tsc aperfmperf pni pclmulqdq ssse3 fma cx16 sse4_1 sse4_2 movbe popcnt aes xsave avx hypervisor lahf_lm 3dnowprefetch ida arat epb pln pts dtherm
bogomips	: 6384.00
clflush size	: 64
cache_alignment	: 64
address sizes	: 40 bits physical, 48 bits virtual
power management:

processor	: 1
vendor_id	: GenuineIntel
cpu family	: 6
model		: 94
model name	: Intel(R) Core(TM) i5-6500 CPU @ 3.20GHz
stepping	: 3
microcode	: 0x76
cpu MHz		: 3192.001
cache size	: 6144 KB
physical id	: 2
siblings	: 1
core id		: 0
cpu cores	: 1
apicid		: 2
initial apicid	: 2
fdiv_bug	: no
f00f_bug	: no
coma_bug	: no
fpu		: yes
fpu_exception	: yes
cpuid level	: 22
wp		: yes
flags		: fpu vme de pse tsc msr pae mce cx8 apic sep mtrr pge mca cmov pat pse36 clflush dts mmx fxsr sse sse2 ss nx rdtscp lm constant_tsc arch_perfmon pebs bts tsc_reliable nonstop_tsc aperfmperf pni pclmulqdq ssse3 fma cx16 sse4_1 sse4_2 movbe popcnt aes xsave avx hypervisor lahf_lm 3dnowprefetch ida arat epb pln pts dtherm
bogomips	: 6384.00
clflush size	: 64
cache_alignment	: 64
address sizes	: 40 bits physical, 48 bits virtual
power management:



Memory: 4k page, physical 4130196k(1879792k free), swap 1046524k(1046524k free)

vm_info: OpenJDK Server VM (24.79-b02) for linux-x86 JRE (1.7.0_79-b14), built on Jul 24 2015 08:25:15 by "buildd" with gcc 4.8.2

time: Thu Jun  1 09:09:22 2017
elapsed time: 52 seconds

