#
# A fatal error has been detected by the Java Runtime Environment:
#
#  SIGSEGV (0xb) at pc=0xb76c47c0, pid=3223, tid=2259721024
#
# JRE version: OpenJDK Runtime Environment (7.0_79-b14) (build 1.7.0_79-b14)
# Java VM: OpenJDK Server VM (24.79-b02 mixed mode linux-x86 )
# Derivative: IcedTea 2.5.6
# Distribution: Ubuntu 14.04 LTS, package 7u79-2.5.6-0ubuntu1.14.04.1
# Problematic frame:
# C  [libc.so.6+0x1337c0]
#
# Failed to write core dump. Core dumps have been disabled. To enable core dumping, try "ulimit -c unlimited" before starting Java again
#
# If you would like to submit a bug report, please include
# instructions on how to reproduce the bug and visit:
#   http://icedtea.classpath.org/bugzilla
# The crash happened outside the Java Virtual Machine in native code.
# See problematic frame for where to report the bug.
#

---------------  T H R E A D  ---------------

Current thread (0x88070000):  JavaThread "Thread-34" [_thread_in_native, id=5925, stack(0x86ab9000,0x86b0a000)]

siginfo:si_signo=SIGSEGV: si_errno=0, si_code=2 (SEGV_ACCERR), si_addr=0x86cb4f18

Registers:
EAX=0x874d5140, EBX=0xb773b000, ECX=0x0000029a, EDX=0x86cb4f20
ESP=0x86b08ea0, EBP=0x86b08ed8, ESI=0x86cb4f18, EDI=0x00000000
EIP=0xb76c47c0, EFLAGS=0x00010246, CR2=0x86cb4f18

Top of Stack: (sp=0x86b08ea0)
0x86b08ea0:   8c39accc 88070000 8c39acd0 86c96836
0x86b08eb0:   86cb4f18 874d5138 000002a2 00000001
0x86b08ec0:   8c39acd0 8c39accc 88070000 874d5138
0x86b08ed0:   b33ce46b 88070000 86b08f20 b33ce570
0x86b08ee0:   88070128 86b08f3c 00030020 000002a2
0x86b08ef0:   86b08f30 aa865038 8b385f48 8c0a5108
0x86b08f00:   86b08f00 8c39accc 86b08f3c 8c39ae78
0x86b08f10:   00000000 8c39acd0 00000000 86b08f40 

Instructions: (pc=0xb76c47c0)
0xb76c47a0:   e7 0f 74 1c e8 a2 31 ff ff 81 c3 d7 74 03 00 03
0xb76c47b0:   1c bb ff e3 8d b6 00 00 00 00 8d bf 00 00 00 00
0xb76c47c0:   f3 0f 7f 06 31 ff 83 f9 7f 0f 87 94 00 00 00 8d
0xb76c47d0:   49 e0 66 0f 6f 04 38 66 0f 6f 4c 38 10 83 e9 20 

Register to memory mapping:

EAX=0x874d5140 is an unknown value
EBX=0xb773b000: <offset 0x1aa000> in /lib/i386-linux-gnu/libc.so.6 at 0xb7591000
ECX=0x0000029a is an unknown value
EDX=0x86cb4f20: <offset 0x2ef20> in /home/user/Desktop/Double-MAC/lanada/obj_cooja/mtype603.cooja at 0x86c86000
ESP=0x86b08ea0 is pointing into the stack for thread: 0x88070000
EBP=0x86b08ed8 is pointing into the stack for thread: 0x88070000
ESI=0x86cb4f18: <offset 0x2ef18> in /home/user/Desktop/Double-MAC/lanada/obj_cooja/mtype603.cooja at 0x86c86000
EDI=0x00000000 is an unknown value


Stack: [0x86ab9000,0x86b0a000],  sp=0x86b08ea0,  free space=319k
Native frames: (J=compiled Java code, j=interpreted, Vv=VM code, C=native code)
C  [libc.so.6+0x1337c0]
j  org.contikios.cooja.corecomm.Lib10.setMemory(II[B)V+0
J 1006 C2 org.contikios.cooja.contikimote.ContikiMoteType.setCoreMemory(Lorg/contikios/cooja/mote/memory/SectionMoteMemory;)V (66 bytes) @ 0xb352a924 [0xb352a740+0x1e4]
J 1019 C2 org.contikios.cooja.motes.AbstractWakeupMote$1.execute(J)V (9 bytes) @ 0xb35fec34 [0xb35feba0+0x94]
J 695 C2 org.contikios.cooja.Simulation.run()V (432 bytes) @ 0xb3532dc0 [0xb3532bc0+0x200]
j  java.lang.Thread.run()V+11
v  ~StubRoutines::call_stub
V  [libjvm.so+0x4b3206]  JavaCalls::call_helper(JavaValue*, methodHandle*, JavaCallArguments*, Thread*)+0x386

Java frames: (J=compiled Java code, j=interpreted, Vv=VM code)
j  org.contikios.cooja.corecomm.Lib10.setMemory(II[B)V+0
J 1006 C2 org.contikios.cooja.contikimote.ContikiMoteType.setCoreMemory(Lorg/contikios/cooja/mote/memory/SectionMoteMemory;)V (66 bytes) @ 0xb352a924 [0xb352a740+0x1e4]
J 1019 C2 org.contikios.cooja.motes.AbstractWakeupMote$1.execute(J)V (9 bytes) @ 0xb35fec34 [0xb35feba0+0x94]
J 695 C2 org.contikios.cooja.Simulation.run()V (432 bytes) @ 0xb3532dc0 [0xb3532bc0+0x200]
j  java.lang.Thread.run()V+11
v  ~StubRoutines::call_stub

---------------  P R O C E S S  ---------------

Java Threads: ( => current thread )
=>0x88070000 JavaThread "Thread-34" [_thread_in_native, id=5925, stack(0x86ab9000,0x86b0a000)]
  0x8705ac00 JavaThread "Thread-33" [_thread_blocked, id=5915, stack(0x86c35000,0x86c86000)]
  0x8705c000 JavaThread "Thread-32" [_thread_blocked, id=5914, stack(0x868e4000,0x86935000)]
  0x87058c00 JavaThread "Thread-31" [_thread_blocked, id=5867, stack(0x86b42000,0x86b93000)]
  0x87e0d400 JavaThread "Thread-30" [_thread_blocked, id=5866, stack(0x86d45000,0x86d96000)]
  0x8af1b000 JavaThread "Thread-27" [_thread_blocked, id=5641, stack(0x869f7000,0x86a48000)]
  0x8af16000 JavaThread "Thread-25" [_thread_blocked, id=5593, stack(0x8717a000,0x871cb000)]
  0x8af12800 JavaThread "Thread-21" [_thread_blocked, id=5543, stack(0x86be4000,0x86c35000)]
  0x8af13c00 JavaThread "Thread-19" [_thread_blocked, id=5495, stack(0x86b93000,0x86be4000)]
  0x8806f800 JavaThread "Thread-18" [_thread_blocked, id=5457, stack(0x8730d000,0x8735e000)]
  0x8af0e400 JavaThread "Thread-16" [_thread_blocked, id=5446, stack(0x87d24000,0x87d75000)]
  0x8af0dc00 JavaThread "process reaper" daemon [_thread_blocked, id=4582, stack(0x87f00000,0x87f1b000)]
  0x8ad8bc00 JavaThread "Thread-11" [_thread_blocked, id=4462, stack(0x86cf4000,0x86d45000)]
  0x87ea4800 JavaThread "Thread-9" [_thread_blocked, id=4414, stack(0x873af000,0x87400000)]
  0x87eeb000 JavaThread "Thread-3" [_thread_blocked, id=4163, stack(0x87129000,0x8717a000)]
  0x87ef5c00 JavaThread "Thread-1" [_thread_blocked, id=4115, stack(0x8735e000,0x873af000)]
  0x88070c00 JavaThread "TimerQueue" daemon [_thread_blocked, id=3243, stack(0x87daf000,0x87e00000)]
  0xb6407800 JavaThread "DestroyJavaVM" [_thread_blocked, id=3225, stack(0xb6547000,0xb6598000)]
  0x88026000 JavaThread "AWT-EventQueue-0" [_thread_blocked, id=3242, stack(0x87f39000,0x87f8a000)]
  0x8801c000 JavaThread "AWT-Shutdown" [_thread_blocked, id=3241, stack(0x87f8a000,0x87fdb000)]
  0x88dd2000 JavaThread "AWT-XAWT" daemon [_thread_in_native, id=3240, stack(0x8817f000,0x881d0000)]
  0x88dc2000 JavaThread "Java2D Disposer" daemon [_thread_blocked, id=3239, stack(0x881e1000,0x88232000)]
  0x8932c400 JavaThread "Service Thread" daemon [_thread_blocked, id=3237, stack(0x88eba000,0x88f0b000)]
  0x8932a800 JavaThread "C2 CompilerThread1" daemon [_thread_blocked, id=3236, stack(0x88f0b000,0x88f8c000)]
  0x89328800 JavaThread "C2 CompilerThread0" daemon [_thread_blocked, id=3235, stack(0x88f8c000,0x8900d000)]
  0x89326c00 JavaThread "Signal Dispatcher" daemon [_thread_blocked, id=3234, stack(0x8900d000,0x8905e000)]
  0x89314000 JavaThread "Finalizer" daemon [_thread_blocked, id=3233, stack(0x8925e000,0x892af000)]
  0x89312800 JavaThread "Reference Handler" daemon [_thread_blocked, id=3232, stack(0x892af000,0x89300000)]

Other Threads:
  0x89310400 VMThread [stack: 0x89405000,0x89486000] [id=3231]
  0x8932e400 WatcherThread [stack: 0x88e39000,0x88eba000] [id=3238]

VM state:not at safepoint (normal execution)

VM Mutex/Monitor currently owned by a thread: None

Heap
 PSYoungGen      total 167936K, used 34310K [0xa8840000, 0xb3240000, 0xb3300000)
  eden space 161792K, 20% used [0xa8840000,0xaa92aa88,0xb2640000)
  from space 6144K, 9% used [0xb2c40000,0xb2cd7008,0xb3240000)
  to   space 6144K, 0% used [0xb2640000,0xb2640000,0xb2c40000)
 ParOldGen       total 87808K, used 40823K [0x93300000, 0x988c0000, 0xa8840000)
  object space 87808K, 46% used [0x93300000,0x95addff0,0x988c0000)
 PSPermGen       total 28928K, used 17010K [0x8b300000, 0x8cf40000, 0x93300000)
  object space 28928K, 58% used [0x8b300000,0x8c39cae8,0x8cf40000)

Card table byte_map: [0x8b1bf000,0x8b300000] byte_map_base: 0x8ad65800

Polling page: 0xb7745000

Code Cache  [0xb33c3000, 0xb3703000, 0xb63c3000)
 total_blobs=1503 nmethods=1211 adapters=243 free_code_cache=45899Kb largest_free_block=46941312

Compilation events (10 events):
Event: 582.304 Thread 0x89328800 nmethod 1365 0xb36d92c8 code [0xb36d93e0, 0xb36d9890]
Event: 582.339 Thread 0x8932a800 nmethod 1361 0xb36f38c8 code [0xb36f3ea0, 0xb36f6f1c]
Event: 582.548 Thread 0x89328800 1366             javax.swing.text.StyleContext$SmallAttributeSet::<init> (92 bytes)
Event: 582.548 Thread 0x8932a800 1367             javax.swing.text.StyleContext$SmallAttributeSet::updateResolveParent (49 bytes)
Event: 582.552 Thread 0x8932a800 nmethod 1367 0xb36d9d88 code [0xb36d9e80, 0xb36d9f70]
Event: 582.593 Thread 0x8932a800 1368   !         sun.java2d.pipe.DrawImage::renderImageScale (160 bytes)
Event: 582.596 Thread 0x8932a800 nmethod 1368 0xb36c8d88 code [0xb36c8ee0, 0xb36c926c]
Event: 582.598 Thread 0x89328800 nmethod 1366 0xb36f1d08 code [0xb36f1ee0, 0xb36f2e70]
Event: 582.642 Thread 0x8932a800 1369             java.util.WeakHashMap::indexFor (6 bytes)
Event: 582.642 Thread 0x8932a800 nmethod 1369 0xb3467948 code [0xb3467a20, 0xb3467a50]

GC Heap History (10 events):
Event: 578.675 GC heap before
{Heap before GC invocations=71 (full 7):
 PSYoungGen      total 167168K, used 952K [0xa8840000, 0xb3280000, 0xb3300000)
  eden space 160512K, 0% used [0xa8840000,0xa8840000,0xb2500000)
  from space 6656K, 14% used [0xb2c00000,0xb2cee2d8,0xb3280000)
  to   space 6912K, 0% used [0xb2500000,0xb2500000,0xb2bc0000)
 ParOldGen       total 87808K, used 75041K [0x93300000, 0x988c0000, 0xa8840000)
  object space 87808K, 85% used [0x93300000,0x97c486a8,0x988c0000)
 PSPermGen       total 30208K, used 16996K [0x8b300000, 0x8d080000, 0x93300000)
  object space 30208K, 56% used [0x8b300000,0x8c3990b8,0x8d080000)
Event: 578.796 GC heap after
Heap after GC invocations=71 (full 7):
 PSYoungGen      total 167168K, used 0K [0xa8840000, 0xb3280000, 0xb3300000)
  eden space 160512K, 0% used [0xa8840000,0xa8840000,0xb2500000)
  from space 6656K, 0% used [0xb2c00000,0xb2c00000,0xb3280000)
  to   space 6912K, 0% used [0xb2500000,0xb2500000,0xb2bc0000)
 ParOldGen       total 87808K, used 40267K [0x93300000, 0x988c0000, 0xa8840000)
  object space 87808K, 45% used [0x93300000,0x95a52e38,0x988c0000)
 PSPermGen       total 28928K, used 16996K [0x8b300000, 0x8cf40000, 0x93300000)
  object space 28928K, 58% used [0x8b300000,0x8c399018,0x8cf40000)
}
Event: 580.714 GC heap before
{Heap before GC invocations=72 (full 7):
 PSYoungGen      total 167168K, used 160512K [0xa8840000, 0xb3280000, 0xb3300000)
  eden space 160512K, 100% used [0xa8840000,0xb2500000,0xb2500000)
  from space 6656K, 0% used [0xb2c00000,0xb2c00000,0xb3280000)
  to   space 6912K, 0% used [0xb2500000,0xb2500000,0xb2bc0000)
 ParOldGen       total 87808K, used 40267K [0x93300000, 0x988c0000, 0xa8840000)
  object space 87808K, 45% used [0x93300000,0x95a52e38,0x988c0000)
 PSPermGen       total 28928K, used 16999K [0x8b300000, 0x8cf40000, 0x93300000)
  object space 28928K, 58% used [0x8b300000,0x8c399e68,0x8cf40000)
Event: 580.715 GC heap after
Heap after GC invocations=72 (full 7):
 PSYoungGen      total 167424K, used 521K [0xa8840000, 0xb32c0000, 0xb3300000)
  eden space 160512K, 0% used [0xa8840000,0xa8840000,0xb2500000)
  from space 6912K, 7% used [0xb2500000,0xb2582408,0xb2bc0000)
  to   space 6656K, 0% used [0xb2c40000,0xb2c40000,0xb32c0000)
 ParOldGen       total 87808K, used 40267K [0x93300000, 0x988c0000, 0xa8840000)
  object space 87808K, 45% used [0x93300000,0x95a52e38,0x988c0000)
 PSPermGen       total 28928K, used 16999K [0x8b300000, 0x8cf40000, 0x93300000)
  object space 28928K, 58% used [0x8b300000,0x8c399e68,0x8cf40000)
}
Event: 580.940 GC heap before
{Heap before GC invocations=73 (full 7):
 PSYoungGen      total 167424K, used 161033K [0xa8840000, 0xb32c0000, 0xb3300000)
  eden space 160512K, 100% used [0xa8840000,0xb2500000,0xb2500000)
  from space 6912K, 7% used [0xb2500000,0xb2582408,0xb2bc0000)
  to   space 6656K, 0% used [0xb2c40000,0xb2c40000,0xb32c0000)
 ParOldGen       total 87808K, used 40267K [0x93300000, 0x988c0000, 0xa8840000)
  object space 87808K, 45% used [0x93300000,0x95a52e38,0x988c0000)
 PSPermGen       total 28928K, used 17001K [0x8b300000, 0x8cf40000, 0x93300000)
  object space 28928K, 58% used [0x8b300000,0x8c39a5f0,0x8cf40000)
Event: 580.942 GC heap after
Heap after GC invocations=73 (full 7):
 PSYoungGen      total 167936K, used 113K [0xa8840000, 0xb32c0000, 0xb3300000)
  eden space 161280K, 0% used [0xa8840000,0xa8840000,0xb25c0000)
  from space 6656K, 1% used [0xb2c40000,0xb2c5c598,0xb32c0000)
  to   space 6656K, 0% used [0xb25c0000,0xb25c0000,0xb2c40000)
 ParOldGen       total 87808K, used 40758K [0x93300000, 0x988c0000, 0xa8840000)
  object space 87808K, 46% used [0x93300000,0x95acda58,0x988c0000)
 PSPermGen       total 28928K, used 17001K [0x8b300000, 0x8cf40000, 0x93300000)
  object space 28928K, 58% used [0x8b300000,0x8c39a5f0,0x8cf40000)
}
Event: 581.751 GC heap before
{Heap before GC invocations=74 (full 7):
 PSYoungGen      total 167936K, used 161393K [0xa8840000, 0xb32c0000, 0xb3300000)
  eden space 161280K, 100% used [0xa8840000,0xb25c0000,0xb25c0000)
  from space 6656K, 1% used [0xb2c40000,0xb2c5c598,0xb32c0000)
  to   space 6656K, 0% used [0xb25c0000,0xb25c0000,0xb2c40000)
 ParOldGen       total 87808K, used 40758K [0x93300000, 0x988c0000, 0xa8840000)
  object space 87808K, 46% used [0x93300000,0x95acda58,0x988c0000)
 PSPermGen       total 28928K, used 17003K [0x8b300000, 0x8cf40000, 0x93300000)
  object space 28928K, 58% used [0x8b300000,0x8c39aff0,0x8cf40000)
Event: 581.752 GC heap after
Heap after GC invocations=74 (full 7):
 PSYoungGen      total 167936K, used 538K [0xa8840000, 0xb3280000, 0xb3300000)
  eden space 161280K, 0% used [0xa8840000,0xa8840000,0xb25c0000)
  from space 6656K, 8% used [0xb25c0000,0xb26469d0,0xb2c40000)
  to   space 6400K, 0% used [0xb2c40000,0xb2c40000,0xb3280000)
 ParOldGen       total 87808K, used 40823K [0x93300000, 0x988c0000, 0xa8840000)
  object space 87808K, 46% used [0x93300000,0x95addff0,0x988c0000)
 PSPermGen       total 28928K, used 17003K [0x8b300000, 0x8cf40000, 0x93300000)
  object space 28928K, 58% used [0x8b300000,0x8c39aff0,0x8cf40000)
}
Event: 581.978 GC heap before
{Heap before GC invocations=75 (full 7):
 PSYoungGen      total 167936K, used 161818K [0xa8840000, 0xb3280000, 0xb3300000)
  eden space 161280K, 100% used [0xa8840000,0xb25c0000,0xb25c0000)
  from space 6656K, 8% used [0xb25c0000,0xb26469d0,0xb2c40000)
  to   space 6400K, 0% used [0xb2c40000,0xb2c40000,0xb3280000)
 ParOldGen       total 87808K, used 40823K [0x93300000, 0x988c0000, 0xa8840000)
  object space 87808K, 46% used [0x93300000,0x95addff0,0x988c0000)
 PSPermGen       total 28928K, used 17004K [0x8b300000, 0x8cf40000, 0x93300000)
  object space 28928K, 58% used [0x8b300000,0x8c39b078,0x8cf40000)
Event: 581.979 GC heap after
Heap after GC invocations=75 (full 7):
 PSYoungGen      total 167936K, used 604K [0xa8840000, 0xb3240000, 0xb3300000)
  eden space 161792K, 0% used [0xa8840000,0xa8840000,0xb2640000)
  from space 6144K, 9% used [0xb2c40000,0xb2cd7008,0xb3240000)
  to   space 6144K, 0% used [0xb2640000,0xb2640000,0xb2c40000)
 ParOldGen       total 87808K, used 40823K [0x93300000, 0x988c0000, 0xa8840000)
  object space 87808K, 46% used [0x93300000,0x95addff0,0x988c0000)
 PSPermGen       total 28928K, used 17004K [0x8b300000, 0x8cf40000, 0x93300000)
  object space 28928K, 58% used [0x8b300000,0x8c39b078,0x8cf40000)
}

Deoptimization events (10 events):
Event: 536.773 Thread 0x88070c00 Uncommon trap: reason=unreached action=reinterpret pc=0xb351a934 method=java.util.concurrent.DelayQueue.take()Ljava/util/concurrent/Delayed; @ 78
Event: 536.774 Thread 0x88026000 Uncommon trap: reason=bimorphic action=maybe_recompile pc=0xb354a45c method=javax.swing.Timer.fireActionPerformed(Ljava/awt/event/ActionEvent;)V @ 35
Event: 536.786 Thread 0x88026000 Uncommon trap: reason=bimorphic action=maybe_recompile pc=0xb354a45c method=javax.swing.Timer.fireActionPerformed(Ljava/awt/event/ActionEvent;)V @ 35
Event: 541.335 Thread 0x8806f800 Uncommon trap: reason=unloaded action=reinterpret pc=0xb3491200 method=java.io.BufferedReader.readLine(Z)Ljava/lang/String; @ 268
Event: 541.377 Thread 0x88026000 Uncommon trap: reason=unreached action=reinterpret pc=0xb3638268 method=javax.swing.plaf.nimbus.AbstractRegionPainter.paintWith9SquareCaching(Ljava/awt/Graphics2D;Ljavax/swing/plaf/nimbus/AbstractRegionPainter$PaintContext;Ljavax/swing/JComponent;II[Ljava
Event: 541.437 Thread 0x88026000 Uncommon trap: reason=unreached action=reinterpret pc=0xb363cd28 method=javax.swing.plaf.nimbus.AbstractRegionPainter.paintWith9SquareCaching(Ljava/awt/Graphics2D;Ljavax/swing/plaf/nimbus/AbstractRegionPainter$PaintContext;Ljavax/swing/JComponent;II[Ljava
Event: 545.775 Thread 0x88df6400 Uncommon trap: reason=unreached action=reinterpret pc=0xb34a7b4c method=org.contikios.cooja.Simulation.isSimulationThread()Z @ 7
Event: 545.777 Thread 0x88df6400 Uncommon trap: reason=unreached action=reinterpret pc=0xb3616290 method=org.contikios.cooja.Simulation.isSimulationThread()Z @ 7
Event: 545.799 Thread 0x88df6400 Uncommon trap: reason=unreached action=reinterpret pc=0xb35b5904 method=java.lang.StackTraceElement.toString()Ljava/lang/String; @ 42
Event: 578.651 Thread 0x88026000 Uncommon trap: reason=null_check action=make_not_entrant pc=0xb36c7044 method=java.awt.KeyboardFocusManager.getMostRecentFocusOwner(Ljava/awt/Window;)Ljava/awt/Component; @ 9

Internal exceptions (10 events):
Event: 541.435 Thread 0x88026000 Threw 0xb1b1ea10 at /build/openjdk-7-OXg_HK/openjdk-7-7u79-2.5.6/build/openjdk/hotspot/src/share/vm/prims/jni.cpp:747
Event: 545.426 Thread 0x88df6400 Threw 0xa884c4f8 at /build/openjdk-7-OXg_HK/openjdk-7-7u79-2.5.6/build/openjdk/hotspot/src/share/vm/prims/jvm.cpp:1284
Event: 545.799 Thread 0x88df6400 Implicit null exception at 0xb35b4d25 to 0xb35b58f5
Event: 561.205 Thread 0x88026000 Threw 0xb01e7890 at /build/openjdk-7-OXg_HK/openjdk-7-7u79-2.5.6/build/openjdk/hotspot/src/share/vm/prims/jni.cpp:747
Event: 562.102 Thread 0x88070000 Threw 0xa9882440 at /build/openjdk-7-OXg_HK/openjdk-7-7u79-2.5.6/build/openjdk/hotspot/src/share/vm/prims/jvm.cpp:1284
Event: 563.021 Thread 0x88070000 Threw 0xb1ad1000 at /build/openjdk-7-OXg_HK/openjdk-7-7u79-2.5.6/build/openjdk/hotspot/src/share/vm/prims/jvm.cpp:1284
Event: 578.621 Thread 0x88026000 Threw 0xb0abf248 at /build/openjdk-7-OXg_HK/openjdk-7-7u79-2.5.6/build/openjdk/hotspot/src/share/vm/prims/jni.cpp:747
Event: 578.651 Thread 0x88026000 Implicit null exception at 0xb36c6cf4 to 0xb36c7039
Event: 580.633 Thread 0x88070000 Threw 0xabfb4f18 at /build/openjdk-7-OXg_HK/openjdk-7-7u79-2.5.6/build/openjdk/hotspot/src/share/vm/prims/jvm.cpp:1284
Event: 581.636 Thread 0x88070000 Threw 0xa9e60da8 at /build/openjdk-7-OXg_HK/openjdk-7-7u79-2.5.6/build/openjdk/hotspot/src/share/vm/prims/jvm.cpp:1284

Events (10 events):
Event: 582.397 Executing VM operation: RevokeBias
Event: 582.397 Executing VM operation: RevokeBias done
Event: 582.397 Thread 0x88070000 Thread exited: 0x88070000
Event: 582.451 Executing VM operation: RevokeBias
Event: 582.451 Executing VM operation: RevokeBias done
Event: 582.451 Executing VM operation: RevokeBias
Event: 582.451 Executing VM operation: RevokeBias done
Event: 582.470 Executing VM operation: RevokeBias
Event: 582.470 Executing VM operation: RevokeBias done
Event: 582.642 Thread 0x88070000 Thread added: 0x88070000


Dynamic libraries:
08048000-08049000 r-xp 00000000 08:01 282989     /usr/lib/jvm/java-7-openjdk-i386/jre/bin/java
08049000-0804a000 r--p 00000000 08:01 282989     /usr/lib/jvm/java-7-openjdk-i386/jre/bin/java
0804a000-0804b000 rw-p 00001000 08:01 282989     /usr/lib/jvm/java-7-openjdk-i386/jre/bin/java
08d7f000-094de000 rw-p 00000000 00:00 0          [heap]
86743000-868ab000 rw-p 00000000 00:00 0 
868ab000-868da000 r-xp 00000000 08:01 190973     /home/user/Desktop/Double-MAC/lanada/obj_cooja/mtype543.cooja
868da000-868db000 r--p 0002e000 08:01 190973     /home/user/Desktop/Double-MAC/lanada/obj_cooja/mtype543.cooja
868db000-868dc000 rw-p 0002f000 08:01 190973     /home/user/Desktop/Double-MAC/lanada/obj_cooja/mtype543.cooja
868dc000-868e4000 rw-p 00000000 00:00 0 
868e4000-868e7000 ---p 00000000 00:00 0 
868e7000-86935000 rw-p 00000000 00:00 0          [stack:5914]
86935000-86938000 ---p 00000000 00:00 0 
86938000-86986000 rw-p 00000000 00:00 0 
86986000-869b4000 r-xp 00000000 08:01 190969     /home/user/Desktop/Double-MAC/lanada/obj_cooja/mtype629.cooja
869b4000-869b5000 r--p 0002d000 08:01 190969     /home/user/Desktop/Double-MAC/lanada/obj_cooja/mtype629.cooja
869b5000-869b6000 rw-p 0002e000 08:01 190969     /home/user/Desktop/Double-MAC/lanada/obj_cooja/mtype629.cooja
869b6000-869be000 rw-p 00000000 00:00 0 
869be000-869ed000 r-xp 00000000 08:01 190965     /home/user/Desktop/Double-MAC/lanada/obj_cooja/mtype372.cooja
869ed000-869ee000 r--p 0002e000 08:01 190965     /home/user/Desktop/Double-MAC/lanada/obj_cooja/mtype372.cooja
869ee000-869ef000 rw-p 0002f000 08:01 190965     /home/user/Desktop/Double-MAC/lanada/obj_cooja/mtype372.cooja
869ef000-869f7000 rw-p 00000000 00:00 0 
869f7000-869fa000 ---p 00000000 00:00 0 
869fa000-86a48000 rw-p 00000000 00:00 0          [stack:5641]
86a48000-86a76000 r-xp 00000000 08:01 190961     /home/user/Desktop/Double-MAC/lanada/obj_cooja/mtype938.cooja
86a76000-86a77000 r--p 0002d000 08:01 190961     /home/user/Desktop/Double-MAC/lanada/obj_cooja/mtype938.cooja
86a77000-86a78000 rw-p 0002e000 08:01 190961     /home/user/Desktop/Double-MAC/lanada/obj_cooja/mtype938.cooja
86a78000-86a80000 rw-p 00000000 00:00 0 
86a80000-86aaf000 r-xp 00000000 08:01 190957     /home/user/Desktop/Double-MAC/lanada/obj_cooja/mtype318.cooja
86aaf000-86ab0000 r--p 0002e000 08:01 190957     /home/user/Desktop/Double-MAC/lanada/obj_cooja/mtype318.cooja
86ab0000-86ab1000 rw-p 0002f000 08:01 190957     /home/user/Desktop/Double-MAC/lanada/obj_cooja/mtype318.cooja
86ab1000-86ab9000 rw-p 00000000 00:00 0 
86ab9000-86abc000 ---p 00000000 00:00 0 
86abc000-86b0a000 rw-p 00000000 00:00 0          [stack:5925]
86b0a000-86b38000 r-xp 00000000 08:01 190953     /home/user/Desktop/Double-MAC/lanada/obj_cooja/mtype447.cooja
86b38000-86b39000 r--p 0002d000 08:01 190953     /home/user/Desktop/Double-MAC/lanada/obj_cooja/mtype447.cooja
86b39000-86b3a000 rw-p 0002e000 08:01 190953     /home/user/Desktop/Double-MAC/lanada/obj_cooja/mtype447.cooja
86b3a000-86b42000 rw-p 00000000 00:00 0 
86b42000-86b45000 ---p 00000000 00:00 0 
86b45000-86b93000 rw-p 00000000 00:00 0          [stack:5867]
86b93000-86b96000 ---p 00000000 00:00 0 
86b96000-86be4000 rw-p 00000000 00:00 0          [stack:5495]
86be4000-86be7000 ---p 00000000 00:00 0 
86be7000-86c35000 rw-p 00000000 00:00 0          [stack:5543]
86c35000-86c38000 ---p 00000000 00:00 0 
86c38000-86c86000 rw-p 00000000 00:00 0          [stack:5915]
86c86000-86cb4000 r-xp 00000000 08:01 190949     /home/user/Desktop/Double-MAC/lanada/obj_cooja/mtype603.cooja
86cb4000-86cb5000 r--p 0002d000 08:01 190949     /home/user/Desktop/Double-MAC/lanada/obj_cooja/mtype603.cooja
86cb5000-86cb6000 rw-p 0002e000 08:01 190949     /home/user/Desktop/Double-MAC/lanada/obj_cooja/mtype603.cooja
86cb6000-86cbe000 rw-p 00000000 00:00 0 
86cbe000-86cea000 r-xp 00000000 08:01 190947     /home/user/Desktop/Double-MAC/lanada/obj_cooja/mtype870.cooja
86cea000-86ceb000 r--p 0002b000 08:01 190947     /home/user/Desktop/Double-MAC/lanada/obj_cooja/mtype870.cooja
86ceb000-86cec000 rw-p 0002c000 08:01 190947     /home/user/Desktop/Double-MAC/lanada/obj_cooja/mtype870.cooja
86cec000-86cf4000 rw-p 00000000 00:00 0 
86cf4000-86cf7000 ---p 00000000 00:00 0 
86cf7000-86d45000 rw-p 00000000 00:00 0          [stack:4462]
86d45000-86d48000 ---p 00000000 00:00 0 
86d48000-86d96000 rw-p 00000000 00:00 0          [stack:5866]
86d96000-86dc1000 r-xp 00000000 08:01 190943     /home/user/Desktop/Double-MAC/lanada/obj_cooja/mtype458.cooja
86dc1000-86dc2000 r--p 0002a000 08:01 190943     /home/user/Desktop/Double-MAC/lanada/obj_cooja/mtype458.cooja
86dc2000-86dc3000 rw-p 0002b000 08:01 190943     /home/user/Desktop/Double-MAC/lanada/obj_cooja/mtype458.cooja
86dc3000-86dcb000 rw-p 00000000 00:00 0 
86dcb000-86df6000 r-xp 00000000 08:01 190939     /home/user/Desktop/Double-MAC/lanada/obj_cooja/mtype368.cooja
86df6000-86df7000 r--p 0002b000 08:01 190939     /home/user/Desktop/Double-MAC/lanada/obj_cooja/mtype368.cooja
86df7000-86df8000 rw-p 0002c000 08:01 190939     /home/user/Desktop/Double-MAC/lanada/obj_cooja/mtype368.cooja
86df8000-86e00000 rw-p 00000000 00:00 0 
86e00000-86efc000 rw-p 00000000 00:00 0 
86efc000-86f00000 ---p 00000000 00:00 0 
86f00000-86ffb000 rw-p 00000000 00:00 0 
86ffb000-87000000 ---p 00000000 00:00 0 
87000000-870f8000 rw-p 00000000 00:00 0 
870f8000-87100000 ---p 00000000 00:00 0 
87129000-8712c000 ---p 00000000 00:00 0 
8712c000-8717a000 rw-p 00000000 00:00 0          [stack:4163]
8717a000-8717d000 ---p 00000000 00:00 0 
8717d000-871cb000 rw-p 00000000 00:00 0          [stack:5593]
871cb000-871f6000 r-xp 00000000 08:01 190935     /home/user/Desktop/Double-MAC/lanada/obj_cooja/mtype972.cooja
871f6000-871f7000 r--p 0002a000 08:01 190935     /home/user/Desktop/Double-MAC/lanada/obj_cooja/mtype972.cooja
871f7000-871f8000 rw-p 0002b000 08:01 190935     /home/user/Desktop/Double-MAC/lanada/obj_cooja/mtype972.cooja
871f8000-87200000 rw-p 00000000 00:00 0 
87200000-872f2000 rw-p 00000000 00:00 0 
872f2000-87300000 ---p 00000000 00:00 0 
8730d000-87310000 ---p 00000000 00:00 0 
87310000-8735e000 rw-p 00000000 00:00 0          [stack:5457]
8735e000-87361000 ---p 00000000 00:00 0 
87361000-873af000 rw-p 00000000 00:00 0          [stack:4115]
873af000-873b2000 ---p 00000000 00:00 0 
873b2000-87400000 rw-p 00000000 00:00 0          [stack:4414]
87400000-874f9000 rw-p 00000000 00:00 0 
874f9000-87500000 ---p 00000000 00:00 0 
87503000-87528000 rw-s 00000000 00:04 10682393   /SYSV00000000 (deleted)
8756b000-87c00000 rw-s 00000000 00:04 2097173    /SYSV00000000 (deleted)
87c00000-87cda000 rw-p 00000000 00:00 0 
87cda000-87d00000 ---p 00000000 00:00 0 
87d1e000-87d20000 rw-p 00000000 00:00 0 
87d20000-87d24000 rw-s 00000000 00:04 5832727    /SYSV00000000 (deleted)
87d24000-87d27000 ---p 00000000 00:00 0 
87d27000-87d75000 rw-p 00000000 00:00 0          [stack:5446]
87d75000-87daf000 r--s 001e1000 08:01 272476     /home/user/Desktop/Double-MAC/tools/cooja/apps/avrora/lib/avrora-small.jar
87daf000-87db2000 ---p 00000000 00:00 0 
87db2000-87e00000 rw-p 00000000 00:00 0          [stack:3243]
87e00000-87efc000 rw-p 00000000 00:00 0 
87efc000-87f00000 ---p 00000000 00:00 0 
87f00000-87f03000 ---p 00000000 00:00 0 
87f03000-87f1b000 rw-p 00000000 00:00 0          [stack:4582]
87f1b000-87f1d000 r--s 00003000 08:01 272994     /home/user/Desktop/Double-MAC/tools/cooja/apps/powertracker/lib/powertracker.jar
87f1d000-87f1e000 r--s 00002000 08:01 272988     /home/user/Desktop/Double-MAC/tools/cooja/apps/collect-view/cooja-collect-view.jar
87f1e000-87f20000 r--s 00008000 08:01 272993     /home/user/Desktop/Double-MAC/tools/cooja/apps/serial_socket/lib/serial_socket.jar
87f20000-87f21000 r--s 00008000 08:01 272987     /home/user/Desktop/Double-MAC/tools/cooja/apps/avrora/lib/cooja_avrora.jar
87f21000-87f23000 r--s 00010000 08:01 272834     /home/user/Desktop/Double-MAC/tools/cooja/apps/mspsim/lib/jipv6.jar
87f23000-87f24000 r--s 00004000 08:01 272995     /home/user/Desktop/Double-MAC/tools/cooja/apps/mspsim/lib/coffee.jar
87f24000-87f30000 r--s 000eb000 08:01 272991     /home/user/Desktop/Double-MAC/tools/cooja/apps/mspsim/lib/mspsim.jar
87f30000-87f36000 r--s 00062000 08:01 272990     /home/user/Desktop/Double-MAC/tools/cooja/apps/mspsim/lib/cooja_mspsim.jar
87f36000-87f39000 r--s 0001e000 08:01 272989     /home/user/Desktop/Double-MAC/tools/cooja/apps/mrm/lib/mrm.jar
87f39000-87f3c000 ---p 00000000 00:00 0 
87f3c000-87f8a000 rw-p 00000000 00:00 0          [stack:3242]
87f8a000-87f8d000 ---p 00000000 00:00 0 
87f8d000-87fdb000 rw-p 00000000 00:00 0          [stack:3241]
87fdb000-87fdc000 r--s 00000000 08:01 395215     /var/cache/fontconfig/c05880de57d1f5e948fdfacc138775d9-le32d4.cache-4
87fdc000-87fe4000 r--s 00000000 08:01 395167     /var/cache/fontconfig/945677eb7aeaf62f1d50efc3fb3ec7d8-le32d4.cache-4
87fe4000-87fe6000 r--s 00000000 08:01 395164     /var/cache/fontconfig/99e8ed0e538f840c565b6ed5dad60d56-le32d4.cache-4
87fe6000-87fea000 r--s 00000000 08:01 395159     /var/cache/fontconfig/2cd17615ca594fa2959ae173292e504c-le32d4.cache-4
87fea000-87feb000 r--s 00000000 08:01 395064     /var/cache/fontconfig/e7071f4a29fa870f4323321c154eba04-le32d4.cache-4
87feb000-87fec000 r--s 00000000 08:01 394991     /var/cache/fontconfig/0d8c3b2ac0904cb8a57a757ad11a4a08-le32d4.cache-4
87fec000-87ff1000 r--s 00000000 08:01 394968     /var/cache/fontconfig/a755afe4a08bf5b97852ceb7400b47bc-le32d4.cache-4
87ff1000-88000000 r--s 00000000 08:01 394955     /var/cache/fontconfig/04aabc0a78ac019cf9454389977116d2-le32d4.cache-4
88000000-880ff000 rw-p 00000000 00:00 0 
880ff000-88100000 ---p 00000000 00:00 0 
88100000-88109000 r--s 00000000 08:01 394962     /var/cache/fontconfig/6d41288fd70b0be22e8c3a91e032eec0-le32d4.cache-4
88109000-8810a000 r--s 00000000 08:01 394954     /var/cache/fontconfig/1ac9eb803944fde146138c791f5cc56a-le32d4.cache-4
8810a000-8810d000 r--s 00000000 08:01 394928     /var/cache/fontconfig/385c0604a188198f04d133e54aba7fe7-le32d4.cache-4
8810d000-8810f000 r--s 00000000 08:01 394921     /var/cache/fontconfig/767a8244fc0220cfb567a839d0392e0b-le32d4.cache-4
8810f000-88113000 r--s 00000000 08:01 394858     /var/cache/fontconfig/8801497958630a81b71ace7c5f9b32a8-le32d4.cache-4
88113000-88118000 r--s 00000000 08:01 394798     /var/cache/fontconfig/3047814df9a2f067bd2d96a2b9c36e5a-le32d4.cache-4
88118000-8811c000 r--s 00000000 08:01 394795     /var/cache/fontconfig/b47c4e1ecd0709278f4910c18777a504-le32d4.cache-4
8811c000-8812c000 r--s 00000000 08:01 394737     /var/cache/fontconfig/d52a8644073d54c13679302ca1180695-le32d4.cache-4
8812c000-8817c000 r-xp 00000000 08:01 138960     /usr/lib/jvm/java-7-openjdk-i386/jre/lib/i386/libfontmanager.so
8817c000-8817e000 r--p 0004f000 08:01 138960     /usr/lib/jvm/java-7-openjdk-i386/jre/lib/i386/libfontmanager.so
8817e000-8817f000 rw-p 00051000 08:01 138960     /usr/lib/jvm/java-7-openjdk-i386/jre/lib/i386/libfontmanager.so
8817f000-88182000 ---p 00000000 00:00 0 
88182000-881d0000 rw-p 00000000 00:00 0          [stack:3240]
881d0000-881d4000 r-xp 00000000 08:01 7640       /usr/lib/i386-linux-gnu/libXfixes.so.3.1.0
881d4000-881d5000 r--p 00003000 08:01 7640       /usr/lib/i386-linux-gnu/libXfixes.so.3.1.0
881d5000-881d6000 rw-p 00004000 08:01 7640       /usr/lib/i386-linux-gnu/libXfixes.so.3.1.0
881d6000-881df000 r-xp 00000000 08:01 9790       /usr/lib/i386-linux-gnu/libXcursor.so.1.0.2
881df000-881e0000 r--p 00008000 08:01 9790       /usr/lib/i386-linux-gnu/libXcursor.so.1.0.2
881e0000-881e1000 rw-p 00009000 08:01 9790       /usr/lib/i386-linux-gnu/libXcursor.so.1.0.2
881e1000-881e4000 ---p 00000000 00:00 0 
881e4000-88232000 rw-p 00000000 00:00 0          [stack:3239]
88232000-88235000 r-xp 00000000 08:01 131371     /lib/i386-linux-gnu/libgpg-error.so.0.10.0
88235000-88236000 r--p 00002000 08:01 131371     /lib/i386-linux-gnu/libgpg-error.so.0.10.0
88236000-88237000 rw-p 00003000 08:01 131371     /lib/i386-linux-gnu/libgpg-error.so.0.10.0
88237000-8825d000 r-xp 00000000 08:01 158418     /lib/i386-linux-gnu/libpng12.so.0.50.0
8825d000-8825e000 r--p 00025000 08:01 158418     /lib/i386-linux-gnu/libpng12.so.0.50.0
8825e000-8825f000 rw-p 00026000 08:01 158418     /lib/i386-linux-gnu/libpng12.so.0.50.0
8825f000-882a8000 r-xp 00000000 08:01 131443     /lib/i386-linux-gnu/libdbus-1.so.3.7.6
882a8000-882a9000 r--p 00048000 08:01 131443     /lib/i386-linux-gnu/libdbus-1.so.3.7.6
882a9000-882aa000 rw-p 00049000 08:01 131443     /lib/i386-linux-gnu/libdbus-1.so.3.7.6
882aa000-882e1000 r-xp 00000000 08:01 712        /usr/lib/i386-linux-gnu/libp11-kit.so.0.0.0
882e1000-882e2000 ---p 00037000 08:01 712        /usr/lib/i386-linux-gnu/libp11-kit.so.0.0.0
882e2000-882e5000 r--p 00037000 08:01 712        /usr/lib/i386-linux-gnu/libp11-kit.so.0.0.0
882e5000-882e6000 rw-p 0003a000 08:01 712        /usr/lib/i386-linux-gnu/libp11-kit.so.0.0.0
882e6000-882f8000 r-xp 00000000 08:01 38286      /usr/lib/i386-linux-gnu/libtasn1.so.6.2.0
882f8000-882f9000 r--p 00011000 08:01 38286      /usr/lib/i386-linux-gnu/libtasn1.so.6.2.0
882f9000-882fa000 rw-p 00012000 08:01 38286      /usr/lib/i386-linux-gnu/libtasn1.so.6.2.0
882fa000-8837c000 r-xp 00000000 08:01 131206     /lib/i386-linux-gnu/libgcrypt.so.11.8.2
8837c000-8837d000 r--p 00082000 08:01 131206     /lib/i386-linux-gnu/libgcrypt.so.11.8.2
8837d000-8837f000 rw-p 00083000 08:01 131206     /lib/i386-linux-gnu/libgcrypt.so.11.8.2
8837f000-88380000 rw-p 00000000 00:00 0 
88380000-8838a000 r-xp 00000000 08:01 56557      /usr/lib/i386-linux-gnu/libkrb5support.so.0.1
8838a000-8838b000 r--p 00009000 08:01 56557      /usr/lib/i386-linux-gnu/libkrb5support.so.0.1
8838b000-8838c000 rw-p 0000a000 08:01 56557      /usr/lib/i386-linux-gnu/libkrb5support.so.0.1
8838c000-883ba000 r-xp 00000000 08:01 56585      /usr/lib/i386-linux-gnu/libk5crypto.so.3.1
883ba000-883bb000 r--p 0002d000 08:01 56585      /usr/lib/i386-linux-gnu/libk5crypto.so.3.1
883bb000-883bc000 rw-p 0002e000 08:01 56585      /usr/lib/i386-linux-gnu/libk5crypto.so.3.1
883bc000-88473000 r-xp 00000000 08:01 56629      /usr/lib/i386-linux-gnu/libkrb5.so.3.3
88473000-88479000 r--p 000b7000 08:01 56629      /usr/lib/i386-linux-gnu/libkrb5.so.3.3
88479000-8847a000 rw-p 000bd000 08:01 56629      /usr/lib/i386-linux-gnu/libkrb5.so.3.3
8847a000-8847f000 r-xp 00000000 08:01 5406       /usr/lib/i386-linux-gnu/libXdmcp.so.6.0.0
8847f000-88480000 r--p 00004000 08:01 5406       /usr/lib/i386-linux-gnu/libXdmcp.so.6.0.0
88480000-88481000 rw-p 00005000 08:01 5406       /usr/lib/i386-linux-gnu/libXdmcp.so.6.0.0
88481000-884a6000 r-xp 00000000 08:01 131422     /lib/i386-linux-gnu/libexpat.so.1.6.0
884a6000-884a7000 ---p 00025000 08:01 131422     /lib/i386-linux-gnu/libexpat.so.1.6.0
884a7000-884a9000 r--p 00025000 08:01 131422     /lib/i386-linux-gnu/libexpat.so.1.6.0
884a9000-884aa000 rw-p 00027000 08:01 131422     /lib/i386-linux-gnu/libexpat.so.1.6.0
884aa000-88545000 r-xp 00000000 08:01 5308       /usr/lib/i386-linux-gnu/libfreetype.so.6.11.1
88545000-88549000 r--p 0009a000 08:01 5308       /usr/lib/i386-linux-gnu/libfreetype.so.6.11.1
88549000-8854a000 rw-p 0009e000 08:01 5308       /usr/lib/i386-linux-gnu/libfreetype.so.6.11.1
8854a000-8855a000 r-xp 00000000 08:01 10788      /usr/lib/i386-linux-gnu/libavahi-client.so.3.2.9
8855a000-8855b000 r--p 0000f000 08:01 10788      /usr/lib/i386-linux-gnu/libavahi-client.so.3.2.9
8855b000-8855c000 rw-p 00010000 08:01 10788      /usr/lib/i386-linux-gnu/libavahi-client.so.3.2.9
8855c000-88568000 r-xp 00000000 08:01 8766       /usr/lib/i386-linux-gnu/libavahi-common.so.3.5.3
88568000-88569000 r--p 0000b000 08:01 8766       /usr/lib/i386-linux-gnu/libavahi-common.so.3.5.3
88569000-8856a000 rw-p 0000c000 08:01 8766       /usr/lib/i386-linux-gnu/libavahi-common.so.3.5.3
8856a000-8862b000 r-xp 00000000 08:01 43756      /usr/lib/i386-linux-gnu/libgnutls.so.26.22.6
8862b000-8862f000 r--p 000c0000 08:01 43756      /usr/lib/i386-linux-gnu/libgnutls.so.26.22.6
8862f000-88630000 rw-p 000c4000 08:01 43756      /usr/lib/i386-linux-gnu/libgnutls.so.26.22.6
88630000-88673000 r-xp 00000000 08:01 56613      /usr/lib/i386-linux-gnu/libgssapi_krb5.so.2.2
88673000-88674000 r--p 00042000 08:01 56613      /usr/lib/i386-linux-gnu/libgssapi_krb5.so.2.2
88674000-88675000 rw-p 00043000 08:01 56613      /usr/lib/i386-linux-gnu/libgssapi_krb5.so.2.2
88675000-88695000 r-xp 00000000 08:01 66655      /usr/lib/i386-linux-gnu/libxcb.so.1.1.0
88695000-88696000 r--p 0001f000 08:01 66655      /usr/lib/i386-linux-gnu/libxcb.so.1.1.0
88696000-88697000 rw-p 00020000 08:01 66655      /usr/lib/i386-linux-gnu/libxcb.so.1.1.0
88697000-886d0000 r-xp 00000000 08:01 10898      /usr/lib/i386-linux-gnu/libfontconfig.so.1.8.0
886d0000-886d1000 r--p 00039000 08:01 10898      /usr/lib/i386-linux-gnu/libfontconfig.so.1.8.0
886d1000-886d2000 rw-p 0003a000 08:01 10898      /usr/lib/i386-linux-gnu/libfontconfig.so.1.8.0
886d2000-88739000 r-xp 00000000 08:01 6693       /usr/lib/i386-linux-gnu/libcups.so.2
88739000-8873a000 ---p 00067000 08:01 6693       /usr/lib/i386-linux-gnu/libcups.so.2
8873a000-8873e000 r--p 00067000 08:01 6693       /usr/lib/i386-linux-gnu/libcups.so.2
8873e000-8873f000 rw-p 0006b000 08:01 6693       /usr/lib/i386-linux-gnu/libcups.so.2
8873f000-8874d000 r-xp 00000000 08:01 7577       /usr/lib/i386-linux-gnu/libXi.so.6.1.0
8874d000-8874e000 r--p 0000e000 08:01 7577       /usr/lib/i386-linux-gnu/libXi.so.6.1.0
8874e000-8874f000 rw-p 0000f000 08:01 7577       /usr/lib/i386-linux-gnu/libXi.so.6.1.0
8874f000-88758000 r-xp 00000000 08:01 6199       /usr/lib/i386-linux-gnu/libXrender.so.1.3.0
88758000-88759000 r--p 00008000 08:01 6199       /usr/lib/i386-linux-gnu/libXrender.so.1.3.0
88759000-8875a000 rw-p 00009000 08:01 6199       /usr/lib/i386-linux-gnu/libXrender.so.1.3.0
8875a000-8888a000 r-xp 00000000 08:01 10842      /usr/lib/i386-linux-gnu/libX11.so.6.3.0
8888a000-8888b000 r--p 00130000 08:01 10842      /usr/lib/i386-linux-gnu/libX11.so.6.3.0
8888b000-8888d000 rw-p 00131000 08:01 10842      /usr/lib/i386-linux-gnu/libX11.so.6.3.0
8888d000-8888e000 rw-p 00000000 00:00 0 
8888e000-8889f000 r-xp 00000000 08:01 6183       /usr/lib/i386-linux-gnu/libXext.so.6.4.0
8889f000-888a0000 r--p 00010000 08:01 6183       /usr/lib/i386-linux-gnu/libXext.so.6.4.0
888a0000-888a1000 rw-p 00011000 08:01 6183       /usr/lib/i386-linux-gnu/libXext.so.6.4.0
888a1000-888e9000 r-xp 00000000 08:01 136828     /usr/lib/jvm/java-7-openjdk-i386/jre/lib/i386/xawt/libmawt.so
888e9000-888ea000 r--p 00047000 08:01 136828     /usr/lib/jvm/java-7-openjdk-i386/jre/lib/i386/xawt/libmawt.so
888ea000-888ec000 rw-p 00048000 08:01 136828     /usr/lib/jvm/java-7-openjdk-i386/jre/lib/i386/xawt/libmawt.so
888ec000-888ed000 rw-p 00000000 00:00 0 
888ed000-8897c000 r-xp 00000000 08:01 138964     /usr/lib/jvm/java-7-openjdk-i386/jre/lib/i386/libawt.so
8897c000-8897d000 r--p 0008f000 08:01 138964     /usr/lib/jvm/java-7-openjdk-i386/jre/lib/i386/libawt.so
8897d000-88984000 rw-p 00090000 08:01 138964     /usr/lib/jvm/java-7-openjdk-i386/jre/lib/i386/libawt.so
88984000-889a8000 rw-p 00000000 00:00 0 
889a8000-889e4000 r-xp 00000000 08:01 136082     /lib/i386-linux-gnu/libpcre.so.3.13.1
889e4000-889e5000 r--p 0003b000 08:01 136082     /lib/i386-linux-gnu/libpcre.so.3.13.1
889e5000-889e6000 rw-p 0003c000 08:01 136082     /lib/i386-linux-gnu/libpcre.so.3.13.1
889e6000-889f9000 r-xp 00000000 08:01 159740     /lib/i386-linux-gnu/libresolv-2.19.so
889f9000-889fa000 ---p 00013000 08:01 159740     /lib/i386-linux-gnu/libresolv-2.19.so
889fa000-889fb000 r--p 00013000 08:01 159740     /lib/i386-linux-gnu/libresolv-2.19.so
889fb000-889fc000 rw-p 00014000 08:01 159740     /lib/i386-linux-gnu/libresolv-2.19.so
889fc000-889fe000 rw-p 00000000 00:00 0 
889fe000-88a1e000 r-xp 00000000 08:01 131406     /lib/i386-linux-gnu/libselinux.so.1
88a1e000-88a1f000 r--p 0001f000 08:01 131406     /lib/i386-linux-gnu/libselinux.so.1
88a1f000-88a20000 rw-p 00020000 08:01 131406     /lib/i386-linux-gnu/libselinux.so.1
88a20000-88a21000 rw-p 00000000 00:00 0 
88a21000-88b2b000 r-xp 00000000 08:01 136564     /lib/i386-linux-gnu/libglib-2.0.so.0.4002.0
88b2b000-88b2c000 r--p 00109000 08:01 136564     /lib/i386-linux-gnu/libglib-2.0.so.0.4002.0
88b2c000-88b2d000 rw-p 0010a000 08:01 136564     /lib/i386-linux-gnu/libglib-2.0.so.0.4002.0
88b2d000-88b7d000 r-xp 00000000 08:01 1672       /usr/lib/i386-linux-gnu/libgobject-2.0.so.0.4002.0
88b7d000-88b7e000 r--p 0004f000 08:01 1672       /usr/lib/i386-linux-gnu/libgobject-2.0.so.0.4002.0
88b7e000-88b7f000 rw-p 00050000 08:01 1672       /usr/lib/i386-linux-gnu/libgobject-2.0.so.0.4002.0
88b7f000-88cfc000 r-xp 00000000 08:01 1674       /usr/lib/i386-linux-gnu/libgio-2.0.so.0.4002.0
88cfc000-88cfe000 r--p 0017d000 08:01 1674       /usr/lib/i386-linux-gnu/libgio-2.0.so.0.4002.0
88cfe000-88cff000 rw-p 0017f000 08:01 1674       /usr/lib/i386-linux-gnu/libgio-2.0.so.0.4002.0
88cff000-88d00000 rw-p 00000000 00:00 0 
88d00000-88dfd000 rw-p 00000000 00:00 0 
88dfd000-88e00000 ---p 00000000 00:00 0 
88e00000-88e01000 r--s 00000000 08:01 394926     /var/cache/fontconfig/dc05db6664285cc2f12bf69c139ae4c3-le32d4.cache-4
88e01000-88e02000 r--s 00000000 08:01 394913     /var/cache/fontconfig/4794a0821666d79190d59a36cb4f44b5-le32d4.cache-4
88e02000-88e07000 r-xp 00000000 08:01 10292      /usr/lib/i386-linux-gnu/libXtst.so.6.1.0
88e07000-88e08000 r--p 00004000 08:01 10292      /usr/lib/i386-linux-gnu/libXtst.so.6.1.0
88e08000-88e09000 rw-p 00005000 08:01 10292      /usr/lib/i386-linux-gnu/libXtst.so.6.1.0
88e09000-88e0a000 r--s 00000000 08:01 394797     /var/cache/fontconfig/56cf4f4769d0f4abc89a4895d7bd3ae1-le32d4.cache-4
88e0a000-88e0b000 r--s 00000000 08:01 394796     /var/cache/fontconfig/b9d506c9ac06c20b433354fa67a72993-le32d4.cache-4
88e0b000-88e12000 r--s 00000000 08:01 394735     /var/cache/fontconfig/3f7329c5293ffd510edef78f73874cfd-le32d4.cache-4
88e12000-88e1b000 r--s 00000000 08:01 394733     /var/cache/fontconfig/d589a48862398ed80a3d6066f4f56f4c-le32d4.cache-4
88e1b000-88e1d000 r--s 00000000 08:01 393797     /var/cache/fontconfig/e13b20fdb08344e0e664864cc2ede53d-le32d4.cache-4
88e1d000-88e20000 r--s 00000000 08:01 394715     /var/cache/fontconfig/7ef2298fde41cc6eeb7af42e48b7d293-le32d4.cache-4
88e20000-88e37000 r-xp 00000000 08:01 138987     /usr/lib/jvm/java-7-openjdk-i386/jre/lib/i386/libnet.so
88e37000-88e38000 r--p 00017000 08:01 138987     /usr/lib/jvm/java-7-openjdk-i386/jre/lib/i386/libnet.so
88e38000-88e39000 rw-p 00018000 08:01 138987     /usr/lib/jvm/java-7-openjdk-i386/jre/lib/i386/libnet.so
88e39000-88e3a000 ---p 00000000 00:00 0 
88e3a000-88eba000 rw-p 00000000 00:00 0          [stack:3238]
88eba000-88ebd000 ---p 00000000 00:00 0 
88ebd000-88f0b000 rw-p 00000000 00:00 0          [stack:3237]
88f0b000-88f0e000 ---p 00000000 00:00 0 
88f0e000-88f8c000 rw-p 00000000 00:00 0          [stack:3236]
88f8c000-88f8f000 ---p 00000000 00:00 0 
88f8f000-8900d000 rw-p 00000000 00:00 0          [stack:3235]
8900d000-89010000 ---p 00000000 00:00 0 
89010000-8905e000 rw-p 00000000 00:00 0          [stack:3234]
8905e000-8925e000 r--p 00000000 08:01 369        /usr/lib/locale/locale-archive
8925e000-89261000 ---p 00000000 00:00 0 
89261000-892af000 rw-p 00000000 00:00 0          [stack:3233]
892af000-892b2000 ---p 00000000 00:00 0 
892b2000-89300000 rw-p 00000000 00:00 0          [stack:3232]
89300000-893ff000 rw-p 00000000 00:00 0 
893ff000-89400000 ---p 00000000 00:00 0 
89400000-89401000 r--s 00000000 08:01 394716     /var/cache/fontconfig/0c9eb80ebd1c36541ebe2852d3bb0c49-le32d4.cache-4
89401000-89403000 r-xp 00000000 08:01 132278     /lib/i386-linux-gnu/libkeyutils.so.1.4
89403000-89404000 r--p 00002000 08:01 132278     /lib/i386-linux-gnu/libkeyutils.so.1.4
89404000-89405000 rw-p 00003000 08:01 132278     /lib/i386-linux-gnu/libkeyutils.so.1.4
89405000-89406000 ---p 00000000 00:00 0 
89406000-894cf000 rw-p 00000000 00:00 0          [stack:3231]
894cf000-89680000 r--s 01d29000 08:01 136944     /usr/lib/jvm/java-7-openjdk-i386/jre/lib/rt.jar
89680000-8ad00000 rw-p 00000000 00:00 0 
8ad00000-8adff000 rw-p 00000000 00:00 0 
8adff000-8ae00000 ---p 00000000 00:00 0 
8ae00000-8ae03000 r-xp 00000000 08:01 138844     /lib/i386-linux-gnu/libcom_err.so.2.1
8ae03000-8ae04000 r--p 00002000 08:01 138844     /lib/i386-linux-gnu/libcom_err.so.2.1
8ae04000-8ae05000 rw-p 00003000 08:01 138844     /lib/i386-linux-gnu/libcom_err.so.2.1
8ae05000-8ae0a000 r-xp 00000000 08:01 1818       /usr/lib/i386-linux-gnu/libffi.so.6.0.1
8ae0a000-8ae0b000 r--p 00005000 08:01 1818       /usr/lib/i386-linux-gnu/libffi.so.6.0.1
8ae0b000-8ae0c000 rw-p 00006000 08:01 1818       /usr/lib/i386-linux-gnu/libffi.so.6.0.1
8ae0c000-8ae0f000 r-xp 00000000 08:01 1675       /usr/lib/i386-linux-gnu/libgmodule-2.0.so.0.4002.0
8ae0f000-8ae10000 r--p 00002000 08:01 1675       /usr/lib/i386-linux-gnu/libgmodule-2.0.so.0.4002.0
8ae10000-8ae11000 rw-p 00003000 08:01 1675       /usr/lib/i386-linux-gnu/libgmodule-2.0.so.0.4002.0
8ae11000-8ae22000 r-xp 00000000 08:01 138994     /usr/lib/jvm/java-7-openjdk-i386/jre/lib/i386/libnio.so
8ae22000-8ae23000 r--p 00010000 08:01 138994     /usr/lib/jvm/java-7-openjdk-i386/jre/lib/i386/libnio.so
8ae23000-8ae24000 rw-p 00011000 08:01 138994     /usr/lib/jvm/java-7-openjdk-i386/jre/lib/i386/libnio.so
8ae24000-8ae7f000 rw-p 00000000 00:00 0 
8ae7f000-8ae80000 ---p 00000000 00:00 0 
8ae80000-8af00000 rw-p 00000000 00:00 0          [stack:3230]
8af00000-8af4e000 rw-p 00000000 00:00 0 
8af4e000-8b000000 ---p 00000000 00:00 0 
8b000000-8b002000 r-xp 00000000 08:01 5352       /usr/lib/i386-linux-gnu/libXau.so.6.0.0
8b002000-8b003000 r--p 00001000 08:01 5352       /usr/lib/i386-linux-gnu/libXau.so.6.0.0
8b003000-8b004000 rw-p 00002000 08:01 5352       /usr/lib/i386-linux-gnu/libXau.so.6.0.0
8b004000-8b00e000 r--s 000ae000 08:01 136954     /usr/lib/jvm/java-7-openjdk-i386/jre/lib/resources.jar
8b00e000-8b02b000 r--s 0014f000 08:01 276458     /home/user/Desktop/Double-MAC/tools/cooja/lib/swingx-all-1.6.4.jar
8b02b000-8b032000 r--s 0005b000 08:01 276454     /home/user/Desktop/Double-MAC/tools/cooja/lib/jsyntaxpane.jar
8b032000-8b039000 r--s 0004f000 08:01 276456     /home/user/Desktop/Double-MAC/tools/cooja/lib/log4j.jar
8b039000-8b03c000 r--s 00022000 08:01 276452     /home/user/Desktop/Double-MAC/tools/cooja/lib/jdom.jar
8b03c000-8b040000 r--s 00085000 08:01 144112     /usr/lib/jvm/java-7-openjdk-i386/jre/lib/ext/localedata.jar
8b040000-8b044000 r--s 00034000 08:01 144116     /usr/lib/jvm/java-7-openjdk-i386/jre/lib/ext/sunjce_provider.jar
8b044000-8b053000 rw-p 00000000 00:00 0 
8b053000-8b054000 ---p 00000000 00:00 0 
8b054000-8b0e3000 rw-p 00000000 00:00 0          [stack:3227]
8b0e3000-8b0e5000 ---p 00000000 00:00 0 
8b0e5000-8b114000 rw-p 00000000 00:00 0 
8b114000-8b13f000 rw-p 00000000 00:00 0 
8b13f000-8b1bf000 rw-p 00000000 00:00 0 
8b1bf000-8b1ce000 rw-p 00000000 00:00 0 
8b1ce000-8b1d0000 ---p 00000000 00:00 0 
8b1d0000-8b1ff000 rw-p 00000000 00:00 0 
8b1ff000-8b22a000 rw-p 00000000 00:00 0 
8b22a000-8b2a9000 rw-p 00000000 00:00 0 
8b2a9000-8b2ff000 rw-p 00000000 00:00 0 
8b2ff000-8cf40000 rw-p 00000000 00:00 0 
8cf40000-8d380000 ---p 00000000 00:00 0 
8d380000-93300000 rw-p 00000000 00:00 0 
93300000-988c0000 rw-p 00000000 00:00 0 
988c0000-a8840000 rw-p 00000000 00:00 0 
a8840000-b3240000 rw-p 00000000 00:00 0 
b3240000-b3300000 ---p 00000000 00:00 0 
b3300000-b3303000 r--s 0000f000 08:01 144120     /usr/lib/jvm/java-7-openjdk-i386/jre/lib/ext/icedtea-sound.jar
b3303000-b3310000 rw-p 00000000 00:00 0 
b3310000-b33c3000 rw-p 00000000 00:00 0 
b33c3000-b3703000 rwxp 00000000 00:00 0 
b3703000-b63c3000 rw-p 00000000 00:00 0 
b63c3000-b63ce000 r-xp 00000000 08:01 159744     /lib/i386-linux-gnu/libnss_files-2.19.so
b63ce000-b63cf000 r--p 0000a000 08:01 159744     /lib/i386-linux-gnu/libnss_files-2.19.so
b63cf000-b63d0000 rw-p 0000b000 08:01 159744     /lib/i386-linux-gnu/libnss_files-2.19.so
b63d0000-b63e5000 r-xp 00000000 08:01 159717     /lib/i386-linux-gnu/libnsl-2.19.so
b63e5000-b63e6000 r--p 00015000 08:01 159717     /lib/i386-linux-gnu/libnsl-2.19.so
b63e6000-b63e7000 rw-p 00016000 08:01 159717     /lib/i386-linux-gnu/libnsl-2.19.so
b63e7000-b63e9000 rw-p 00000000 00:00 0 
b63e9000-b63ea000 r--s 00002000 08:01 144114     /usr/lib/jvm/java-7-openjdk-i386/jre/lib/ext/dnsns.jar
b63ea000-b63ee000 r--s 0003c000 08:01 144118     /usr/lib/jvm/java-7-openjdk-i386/jre/lib/ext/sunpkcs11.jar
b63ee000-b63f6000 r-xp 00000000 08:01 138893     /usr/lib/jvm/java-7-openjdk-i386/jre/lib/i386/libzip.so
b63f6000-b63f7000 r--p 00007000 08:01 138893     /usr/lib/jvm/java-7-openjdk-i386/jre/lib/i386/libzip.so
b63f7000-b63f8000 rw-p 00008000 08:01 138893     /usr/lib/jvm/java-7-openjdk-i386/jre/lib/i386/libzip.so
b63f8000-b6400000 rw-s 00000000 08:01 167375     /tmp/hsperfdata_user/3223
b6400000-b64fd000 rw-p 00000000 00:00 0 
b64fd000-b6500000 ---p 00000000 00:00 0 
b6500000-b650a000 r-xp 00000000 08:01 159715     /lib/i386-linux-gnu/libnss_nis-2.19.so
b650a000-b650b000 r--p 00009000 08:01 159715     /lib/i386-linux-gnu/libnss_nis-2.19.so
b650b000-b650c000 rw-p 0000a000 08:01 159715     /lib/i386-linux-gnu/libnss_nis-2.19.so
b650c000-b6513000 r-xp 00000000 08:01 159727     /lib/i386-linux-gnu/libnss_compat-2.19.so
b6513000-b6514000 r--p 00006000 08:01 159727     /lib/i386-linux-gnu/libnss_compat-2.19.so
b6514000-b6515000 rw-p 00007000 08:01 159727     /lib/i386-linux-gnu/libnss_compat-2.19.so
b6515000-b653c000 r-xp 00000000 08:01 144073     /usr/lib/jvm/java-7-openjdk-i386/jre/lib/i386/libjava.so
b653c000-b653d000 r--p 00026000 08:01 144073     /usr/lib/jvm/java-7-openjdk-i386/jre/lib/i386/libjava.so
b653d000-b653e000 rw-p 00027000 08:01 144073     /usr/lib/jvm/java-7-openjdk-i386/jre/lib/i386/libjava.so
b653e000-b6545000 r-xp 00000000 08:01 159746     /lib/i386-linux-gnu/librt-2.19.so
b6545000-b6546000 r--p 00006000 08:01 159746     /lib/i386-linux-gnu/librt-2.19.so
b6546000-b6547000 rw-p 00007000 08:01 159746     /lib/i386-linux-gnu/librt-2.19.so
b6547000-b654a000 ---p 00000000 00:00 0 
b654a000-b6598000 rw-p 00000000 00:00 0          [stack:3225]
b6598000-b65b4000 r-xp 00000000 08:01 131377     /lib/i386-linux-gnu/libgcc_s.so.1
b65b4000-b65b5000 rw-p 0001b000 08:01 131377     /lib/i386-linux-gnu/libgcc_s.so.1
b65b5000-b65f9000 r-xp 00000000 08:01 159725     /lib/i386-linux-gnu/libm-2.19.so
b65f9000-b65fa000 r--p 00043000 08:01 159725     /lib/i386-linux-gnu/libm-2.19.so
b65fa000-b65fb000 rw-p 00044000 08:01 159725     /lib/i386-linux-gnu/libm-2.19.so
b65fb000-b66d7000 r-xp 00000000 08:01 540        /usr/lib/i386-linux-gnu/libstdc++.so.6.0.19
b66d7000-b66db000 r--p 000dc000 08:01 540        /usr/lib/i386-linux-gnu/libstdc++.so.6.0.19
b66db000-b66dc000 rw-p 000e0000 08:01 540        /usr/lib/i386-linux-gnu/libstdc++.so.6.0.19
b66dc000-b66e3000 rw-p 00000000 00:00 0 
b66e3000-b70d2000 r-xp 00000000 08:01 138935     /usr/lib/jvm/java-7-openjdk-i386/jre/lib/i386/server/libjvm.so
b70d2000-b7124000 r--p 009ee000 08:01 138935     /usr/lib/jvm/java-7-openjdk-i386/jre/lib/i386/server/libjvm.so
b7124000-b7138000 rw-p 00a40000 08:01 138935     /usr/lib/jvm/java-7-openjdk-i386/jre/lib/i386/server/libjvm.so
b7138000-b7556000 rw-p 00000000 00:00 0 
b7556000-b756e000 r-xp 00000000 08:01 158556     /lib/i386-linux-gnu/libz.so.1.2.8
b756e000-b756f000 r--p 00017000 08:01 158556     /lib/i386-linux-gnu/libz.so.1.2.8
b756f000-b7570000 rw-p 00018000 08:01 158556     /lib/i386-linux-gnu/libz.so.1.2.8
b7570000-b7588000 r-xp 00000000 08:01 159736     /lib/i386-linux-gnu/libpthread-2.19.so
b7588000-b7589000 r--p 00018000 08:01 159736     /lib/i386-linux-gnu/libpthread-2.19.so
b7589000-b758a000 rw-p 00019000 08:01 159736     /lib/i386-linux-gnu/libpthread-2.19.so
b758a000-b758c000 rw-p 00000000 00:00 0 
b758c000-b758f000 r-xp 00000000 08:01 159003     /lib/i386-linux-gnu/libdl-2.19.so
b758f000-b7590000 r--p 00002000 08:01 159003     /lib/i386-linux-gnu/libdl-2.19.so
b7590000-b7591000 rw-p 00003000 08:01 159003     /lib/i386-linux-gnu/libdl-2.19.so
b7591000-b7739000 r-xp 00000000 08:01 159001     /lib/i386-linux-gnu/libc-2.19.so
b7739000-b773b000 r--p 001a8000 08:01 159001     /lib/i386-linux-gnu/libc-2.19.so
b773b000-b773c000 rw-p 001aa000 08:01 159001     /lib/i386-linux-gnu/libc-2.19.so
b773c000-b773f000 rw-p 00000000 00:00 0 
b773f000-b7741000 r--s 00006000 08:01 276693     /usr/share/java/java-atk-wrapper.jar
b7741000-b7743000 r--s 00012000 08:01 144121     /usr/lib/jvm/java-7-openjdk-i386/jre/lib/ext/zipfs.jar
b7743000-b7744000 r--p 002c5000 08:01 369        /usr/lib/locale/locale-archive
b7744000-b7745000 rw-p 00000000 00:00 0 
b7745000-b7746000 r--p 00000000 00:00 0 
b7746000-b7754000 r-xp 00000000 08:01 138970     /usr/lib/jvm/java-7-openjdk-i386/jre/lib/i386/libverify.so
b7754000-b7755000 r--p 0000d000 08:01 138970     /usr/lib/jvm/java-7-openjdk-i386/jre/lib/i386/libverify.so
b7755000-b7756000 rw-p 0000e000 08:01 138970     /usr/lib/jvm/java-7-openjdk-i386/jre/lib/i386/libverify.so
b7756000-b7762000 r-xp 00000000 08:01 138927     /usr/lib/jvm/java-7-openjdk-i386/jre/lib/i386/jli/libjli.so
b7762000-b7763000 r--p 0000c000 08:01 138927     /usr/lib/jvm/java-7-openjdk-i386/jre/lib/i386/jli/libjli.so
b7763000-b7764000 rw-p 0000d000 08:01 138927     /usr/lib/jvm/java-7-openjdk-i386/jre/lib/i386/jli/libjli.so
b7764000-b7767000 rw-p 00000000 00:00 0 
b7767000-b7768000 r-xp 00000000 00:00 0          [vdso]
b7768000-b7788000 r-xp 00000000 08:01 159713     /lib/i386-linux-gnu/ld-2.19.so
b7788000-b7789000 r--p 0001f000 08:01 159713     /lib/i386-linux-gnu/ld-2.19.so
b7789000-b778a000 rw-p 00020000 08:01 159713     /lib/i386-linux-gnu/ld-2.19.so
bfdda000-bfddb000 rwxp 00000000 00:00 0 
bfe0d000-bfe2e000 rw-p 00000000 00:00 0          [stack]

VM Arguments:
jvm_args: -Xmx512m -Duser.language=en 
java_command: org.contikios.cooja.Cooja
Launcher Type: SUN_STANDARD

Environment Variables:
JAVA_HOME=/usr/lib/jvm/java-7-openjdk-i386
PATH=/usr/local/sdcc/bin:/usr/local/sbin:/usr/local/bin:/usr/sbin:/usr/bin:/sbin:/bin:/usr/games:/usr/local/games:/home/user/CodeSourcery/Sourcery_G++_Lite/bin:/usr/local/msp430/bin:/home/user/CodeSourcery/Sourcery_G++_Lite/bin
LD_LIBRARY_PATH=.
SHELL=/bin/bash
DISPLAY=:0

Signal Handlers:
SIGSEGV: [libjvm.so+0x80cb90], sa_mask[0]=0x7ffbfeff, sa_flags=0x10000004
SIGBUS: [libjvm.so+0x80cb90], sa_mask[0]=0x7ffbfeff, sa_flags=0x10000004
SIGFPE: [libjvm.so+0x684e30], sa_mask[0]=0x7ffbfeff, sa_flags=0x10000004
SIGPIPE: [libjvm.so+0x684e30], sa_mask[0]=0x7ffbfeff, sa_flags=0x10000004
SIGXFSZ: [libjvm.so+0x684e30], sa_mask[0]=0x7ffbfeff, sa_flags=0x10000004
SIGILL: [libjvm.so+0x684e30], sa_mask[0]=0x7ffbfeff, sa_flags=0x10000004
SIGUSR1: SIG_DFL, sa_mask[0]=0x00000000, sa_flags=0x00000000
SIGUSR2: [libjvm.so+0x684cc0], sa_mask[0]=0x00000004, sa_flags=0x10000004
SIGHUP: [libjvm.so+0x684ef0], sa_mask[0]=0x7ffbfeff, sa_flags=0x10000004
SIGINT: [libjvm.so+0x684ef0], sa_mask[0]=0x7ffbfeff, sa_flags=0x10000004
SIGTERM: [libjvm.so+0x684ef0], sa_mask[0]=0x7ffbfeff, sa_flags=0x10000004
SIGQUIT: [libjvm.so+0x684ef0], sa_mask[0]=0x7ffbfeff, sa_flags=0x10000004
SIGTRAP: SIG_DFL, sa_mask[0]=0x00000000, sa_flags=0x00000000


---------------  S Y S T E M  ---------------

OS:Ubuntu 14.04 (trusty)
uname:Linux 3.13.0-62-generic #102-Ubuntu SMP Tue Aug 11 14:28:35 UTC 2015 i686
libc:glibc 2.19 NPTL 2.19 
rlimit: STACK 8192k, CORE 0k, NPROC 32116, NOFILE 4096, AS infinity
load average:0.48 0.21 0.11

/proc/meminfo:
MemTotal:        4130196 kB
MemFree:         2590256 kB
Buffers:           97240 kB
Cached:           583008 kB
SwapCached:            0 kB
Active:          1034168 kB
Inactive:         405432 kB
Active(anon):     760268 kB
Inactive(anon):    26348 kB
Active(file):     273900 kB
Inactive(file):   379084 kB
Unevictable:          32 kB
Mlocked:              32 kB
HighTotal:       3280776 kB
HighFree:        2123472 kB
LowTotal:         849420 kB
LowFree:          466784 kB
SwapTotal:       1046524 kB
SwapFree:        1046524 kB
Dirty:              2992 kB
Writeback:             0 kB
AnonPages:        759332 kB
Mapped:           138096 kB
Shmem:             27252 kB
Slab:              59768 kB
SReclaimable:      44784 kB
SUnreclaim:        14984 kB
KernelStack:        3152 kB
PageTables:         7972 kB
NFS_Unstable:          0 kB
Bounce:                0 kB
WritebackTmp:          0 kB
CommitLimit:     3111620 kB
Committed_AS:    3002228 kB
VmallocTotal:     122880 kB
VmallocUsed:       23400 kB
VmallocChunk:      53868 kB
HardwareCorrupted:     0 kB
AnonHugePages:    509952 kB
HugePages_Total:       0
HugePages_Free:        0
HugePages_Rsvd:        0
HugePages_Surp:        0
Hugepagesize:       2048 kB
DirectMap4k:       20472 kB
DirectMap2M:      892928 kB


CPU:total 2 (1 cores per cpu, 1 threads per core) family 6 model 94 stepping 3, cmov, cx8, fxsr, mmx, sse, sse2, sse3, ssse3, sse4.1, sse4.2, popcnt, avx, aes, tsc, tscinvbit

/proc/cpuinfo:
processor	: 0
vendor_id	: GenuineIntel
cpu family	: 6
model		: 94
model name	: Intel(R) Core(TM) i5-6500 CPU @ 3.20GHz
stepping	: 3
microcode	: 0x76
cpu MHz		: 3191.993
cache size	: 6144 KB
physical id	: 0
siblings	: 1
core id		: 0
cpu cores	: 1
apicid		: 0
initial apicid	: 0
fdiv_bug	: no
f00f_bug	: no
coma_bug	: no
fpu		: yes
fpu_exception	: yes
cpuid level	: 22
wp		: yes
flags		: fpu vme de pse tsc msr pae mce cx8 apic sep mtrr pge mca cmov pat pse36 clflush dts mmx fxsr sse sse2 ss nx rdtscp lm constant_tsc arch_perfmon pebs bts tsc_reliable nonstop_tsc aperfmperf pni pclmulqdq ssse3 fma cx16 sse4_1 sse4_2 movbe popcnt aes xsave avx hypervisor lahf_lm 3dnowprefetch ida arat epb pln pts dtherm
bogomips	: 6383.98
clflush size	: 64
cache_alignment	: 64
address sizes	: 40 bits physical, 48 bits virtual
power management:

processor	: 1
vendor_id	: GenuineIntel
cpu family	: 6
model		: 94
model name	: Intel(R) Core(TM) i5-6500 CPU @ 3.20GHz
stepping	: 3
microcode	: 0x76
cpu MHz		: 3191.993
cache size	: 6144 KB
physical id	: 2
siblings	: 1
core id		: 0
cpu cores	: 1
apicid		: 2
initial apicid	: 2
fdiv_bug	: no
f00f_bug	: no
coma_bug	: no
fpu		: yes
fpu_exception	: yes
cpuid level	: 22
wp		: yes
flags		: fpu vme de pse tsc msr pae mce cx8 apic sep mtrr pge mca cmov pat pse36 clflush dts mmx fxsr sse sse2 ss nx rdtscp lm constant_tsc arch_perfmon pebs bts tsc_reliable nonstop_tsc aperfmperf pni pclmulqdq ssse3 fma cx16 sse4_1 sse4_2 movbe popcnt aes xsave avx hypervisor lahf_lm 3dnowprefetch ida arat epb pln pts dtherm
bogomips	: 6383.98
clflush size	: 64
cache_alignment	: 64
address sizes	: 40 bits physical, 48 bits virtual
power management:



Memory: 4k page, physical 4130196k(2590256k free), swap 1046524k(1046524k free)

vm_info: OpenJDK Server VM (24.79-b02) for linux-x86 JRE (1.7.0_79-b14), built on Jul 24 2015 08:25:15 by "buildd" with gcc 4.8.2

time: Tue May 16 04:22:49 2017
elapsed time: 582 seconds

