#
# A fatal error has been detected by the Java Runtime Environment:
#
#  SIGFPE (0x8) at pc=0x87985e31, pid=13422, tid=2271861568
#
# JRE version: OpenJDK Runtime Environment (7.0_79-b14) (build 1.7.0_79-b14)
# Java VM: OpenJDK Server VM (24.79-b02 mixed mode linux-x86 )
# Derivative: IcedTea 2.5.6
# Distribution: Ubuntu 14.04 LTS, package 7u79-2.5.6-0ubuntu1.14.04.1
# Problematic frame:
# C  [mtype872.cooja+0x10e31]  process_thread_udp_client_process+0x33a
#
# Failed to write core dump. Core dumps have been disabled. To enable core dumping, try "ulimit -c unlimited" before starting Java again
#
# If you would like to submit a bug report, please include
# instructions on how to reproduce the bug and visit:
#   http://icedtea.classpath.org/bugzilla
# The crash happened outside the Java Virtual Machine in native code.
# See problematic frame for where to report the bug.
#

---------------  T H R E A D  ---------------

Current thread (0x8750c400):  JavaThread "Thread-6" [_thread_in_native, id=14401, stack(0x8764d000,0x8769e000)]

siginfo:si_signo=SIGFPE: si_errno=0, si_code=1 (FPE_INTDIV), si_addr=0x87985e31

Registers:
EAX=0x00004b23, EBX=0x879a5034, ECX=0x00000000, EDX=0x00000000
ESP=0x879a72bc, EBP=0x879a7314, ESI=0x00000000, EDI=0x00000000
EIP=0x87985e31, EFLAGS=0x00010206, CR2=0xb7722000

Top of Stack: (sp=0x879a72bc)
0x879a72bc:   879a5328 00000006 00000000 0008c93e
0x879a72cc:   879aae40 00000088 879a7304 87988882
0x879a72dc:   879aae84 00000088 879a5328 027f1488
0x879a72ec:   00000088 00000000 019aae84 00000088
0x879a72fc:   00000009 000003dc 879a7334 87988f38
0x879a730c:   879a511c 879a5034 879a7344 87988f38
0x879a731c:   879a5034 00000088 879a5328 00000088
0x879a732c:   09000900 00000000 879a7364 8798900b 

Instructions: (pc=0x87985e31)
0x87985e11:   c0 0f 84 a6 00 00 00 e8 2b 1e 00 00 0f b7 c0 8b
0x87985e21:   15 24 53 9a 87 69 ca e8 03 00 00 ba 00 00 00 00
0x87985e31:   f7 f1 89 d0 c7 44 24 0c 00 00 00 00 c7 44 24 08
0x87985e41:   81 55 98 87 89 44 24 04 c7 04 24 40 53 9a 87 e8 

Register to memory mapping:

EAX=0x00004b23 is an unknown value
EBX=0x879a5034: udp_client_process+0xc in /home/user/Desktop/Double-MAC/lanada/obj_cooja/mtype872.cooja at 0x87975000
ECX=0x00000000 is an unknown value
EDX=0x00000000 is an unknown value
ESP=0x879a72bc: <offset 0x322bc> in /home/user/Desktop/Double-MAC/lanada/obj_cooja/mtype872.cooja at 0x87975000
EBP=0x879a7314: <offset 0x32314> in /home/user/Desktop/Double-MAC/lanada/obj_cooja/mtype872.cooja at 0x87975000
ESI=0x00000000 is an unknown value
EDI=0x00000000 is an unknown value


Stack: [0x8764d000,0x8769e000],  sp=0x879a72bc,  free space=3432k
Native frames: (J=compiled Java code, j=interpreted, Vv=VM code, C=native code)
C  [mtype872.cooja+0x10e31]  process_thread_udp_client_process+0x33a
C  [mtype872.cooja+0x13f38]  call_process+0x57
C  [mtype872.cooja+0x1415c]  do_event+0x141
C  [mtype872.cooja+0x14179]  process_run+0x1b
C  [mtype872.cooja+0x1161c]  process_run_thread_loop+0x2b

Java frames: (J=compiled Java code, j=interpreted, Vv=VM code)
J 686  org.contikios.cooja.corecomm.Lib2.tick()V (0 bytes) @ 0xb34f27a0 [0xb34f2760+0x40]
